mode: set
github.com/ebogdum/filemanager/internal/acid/atomic.go:27.38,31.2 1 1
github.com/ebogdum/filemanager/internal/acid/atomic.go:34.102,36.2 1 1
github.com/ebogdum/filemanager/internal/acid/atomic.go:39.106,40.56 1 1
github.com/ebogdum/filemanager/internal/acid/atomic.go:40.56,43.3 2 1
github.com/ebogdum/filemanager/internal/acid/atomic.go:47.121,48.34 1 1
github.com/ebogdum/filemanager/internal/acid/atomic.go:48.34,50.3 1 0
github.com/ebogdum/filemanager/internal/acid/atomic.go:52.2,53.16 2 1
github.com/ebogdum/filemanager/internal/acid/atomic.go:53.16,55.3 1 0
github.com/ebogdum/filemanager/internal/acid/atomic.go:57.2,58.16 2 1
github.com/ebogdum/filemanager/internal/acid/atomic.go:58.16,60.3 1 0
github.com/ebogdum/filemanager/internal/acid/atomic.go:61.2,67.16 5 1
github.com/ebogdum/filemanager/internal/acid/atomic.go:67.16,69.3 1 0
github.com/ebogdum/filemanager/internal/acid/atomic.go:71.2,71.35 1 1
github.com/ebogdum/filemanager/internal/acid/atomic.go:71.35,73.3 1 0
github.com/ebogdum/filemanager/internal/acid/atomic.go:75.2,75.69 1 1
github.com/ebogdum/filemanager/internal/acid/atomic.go:75.69,77.3 1 0
github.com/ebogdum/filemanager/internal/acid/atomic.go:79.2,79.61 1 1
github.com/ebogdum/filemanager/internal/acid/atomic.go:79.61,81.3 1 1
github.com/ebogdum/filemanager/internal/acid/atomic.go:83.2,83.71 1 1
github.com/ebogdum/filemanager/internal/acid/atomic.go:83.71,85.3 1 0
github.com/ebogdum/filemanager/internal/acid/atomic.go:87.2,87.69 1 1
github.com/ebogdum/filemanager/internal/acid/atomic.go:87.69,89.3 1 0
github.com/ebogdum/filemanager/internal/acid/atomic.go:91.2,92.12 2 1
github.com/ebogdum/filemanager/internal/acid/atomic.go:95.116,97.16 2 1
github.com/ebogdum/filemanager/internal/acid/atomic.go:97.16,99.3 1 0
github.com/ebogdum/filemanager/internal/acid/atomic.go:101.2,103.21 2 1
github.com/ebogdum/filemanager/internal/acid/atomic.go:103.21,104.56 1 1
github.com/ebogdum/filemanager/internal/acid/atomic.go:104.56,106.4 1 0
github.com/ebogdum/filemanager/internal/acid/atomic.go:109.2,110.19 2 1
github.com/ebogdum/filemanager/internal/acid/atomic.go:110.19,112.3 1 1
github.com/ebogdum/filemanager/internal/acid/atomic.go:114.2,114.35 1 1
github.com/ebogdum/filemanager/internal/acid/atomic.go:117.80,118.14 1 1
github.com/ebogdum/filemanager/internal/acid/atomic.go:118.14,120.3 1 1
github.com/ebogdum/filemanager/internal/acid/atomic.go:121.2,122.25 2 1
github.com/ebogdum/filemanager/internal/acid/atomic.go:125.91,126.55 1 1
github.com/ebogdum/filemanager/internal/acid/atomic.go:126.55,128.3 1 1
github.com/ebogdum/filemanager/internal/acid/atomic.go:130.2,131.16 2 1
github.com/ebogdum/filemanager/internal/acid/atomic.go:131.16,133.3 1 0
github.com/ebogdum/filemanager/internal/acid/atomic.go:135.2,135.54 1 1
github.com/ebogdum/filemanager/internal/acid/atomic.go:138.102,139.15 1 1
github.com/ebogdum/filemanager/internal/acid/atomic.go:139.15,140.41 1 1
github.com/ebogdum/filemanager/internal/acid/atomic.go:140.41,142.4 1 0
github.com/ebogdum/filemanager/internal/acid/atomic.go:145.2,145.41 1 1
github.com/ebogdum/filemanager/internal/acid/atomic.go:145.41,147.3 1 0
github.com/ebogdum/filemanager/internal/acid/atomic.go:149.2,149.20 1 1
github.com/ebogdum/filemanager/internal/acid/atomic.go:149.20,150.55 1 1
github.com/ebogdum/filemanager/internal/acid/atomic.go:150.55,152.4 1 0
github.com/ebogdum/filemanager/internal/acid/atomic.go:155.2,155.69 1 1
github.com/ebogdum/filemanager/internal/acid/atomic.go:155.69,157.3 1 0
github.com/ebogdum/filemanager/internal/acid/atomic.go:159.2,159.12 1 1
github.com/ebogdum/filemanager/internal/acid/atomic.go:162.72,163.33 1 1
github.com/ebogdum/filemanager/internal/acid/atomic.go:163.33,165.3 1 1
github.com/ebogdum/filemanager/internal/acid/atomic.go:167.2,167.19 1 1
github.com/ebogdum/filemanager/internal/acid/atomic.go:167.19,169.3 1 0
github.com/ebogdum/filemanager/internal/acid/atomic.go:171.2,172.45 2 1
github.com/ebogdum/filemanager/internal/acid/atomic.go:172.45,174.3 1 1
github.com/ebogdum/filemanager/internal/acid/atomic.go:176.2,176.12 1 1
github.com/ebogdum/filemanager/internal/acid/atomic.go:179.95,180.53 1 1
github.com/ebogdum/filemanager/internal/acid/atomic.go:180.53,181.57 1 0
github.com/ebogdum/filemanager/internal/acid/atomic.go:181.57,182.67 1 0
github.com/ebogdum/filemanager/internal/acid/atomic.go:182.67,184.5 1 0
github.com/ebogdum/filemanager/internal/acid/atomic.go:185.4,185.27 1 0
github.com/ebogdum/filemanager/internal/acid/atomic.go:186.9,188.4 1 0
github.com/ebogdum/filemanager/internal/acid/atomic.go:191.2,191.18 1 1
github.com/ebogdum/filemanager/internal/acid/atomic.go:191.18,193.3 1 1
github.com/ebogdum/filemanager/internal/acid/atomic.go:195.2,195.12 1 1
github.com/ebogdum/filemanager/internal/acid/atomic.go:198.87,199.72 1 1
github.com/ebogdum/filemanager/internal/acid/atomic.go:199.72,201.3 1 1
github.com/ebogdum/filemanager/internal/acid/atomic.go:203.2,205.16 3 1
github.com/ebogdum/filemanager/internal/acid/atomic.go:205.16,207.3 1 0
github.com/ebogdum/filemanager/internal/acid/atomic.go:208.2,208.40 1 1
github.com/ebogdum/filemanager/internal/acid/atomic.go:208.40,210.3 1 0
github.com/ebogdum/filemanager/internal/acid/atomic.go:212.2,212.12 1 1
github.com/ebogdum/filemanager/internal/acid/atomic.go:216.70,217.31 1 1
github.com/ebogdum/filemanager/internal/acid/atomic.go:217.31,219.3 1 0
github.com/ebogdum/filemanager/internal/acid/atomic.go:220.2,220.24 1 1
github.com/ebogdum/filemanager/internal/acid/atomic.go:220.24,222.3 1 1
github.com/ebogdum/filemanager/internal/acid/atomic.go:223.2,223.33 1 0
github.com/ebogdum/filemanager/internal/acid/atomic.go:227.74,229.16 2 0
github.com/ebogdum/filemanager/internal/acid/atomic.go:229.16,231.3 1 0
github.com/ebogdum/filemanager/internal/acid/atomic.go:232.2,235.16 3 0
github.com/ebogdum/filemanager/internal/acid/atomic.go:235.16,237.3 1 0
github.com/ebogdum/filemanager/internal/acid/atomic.go:238.2,240.53 2 0
github.com/ebogdum/filemanager/internal/acid/atomic.go:240.53,242.3 1 0
github.com/ebogdum/filemanager/internal/acid/atomic.go:244.2,244.23 1 0
github.com/ebogdum/filemanager/internal/acid/atomic.go:248.32,249.31 1 1
github.com/ebogdum/filemanager/internal/acid/atomic.go:249.31,252.3 1 0
github.com/ebogdum/filemanager/internal/acid/atomic.go:254.2,255.16 2 1
github.com/ebogdum/filemanager/internal/acid/atomic.go:255.16,257.3 1 0
github.com/ebogdum/filemanager/internal/acid/atomic.go:258.2,260.17 2 1
github.com/ebogdum/filemanager/internal/acid/atomic.go:264.41,265.16 1 0
github.com/ebogdum/filemanager/internal/acid/atomic.go:265.16,267.3 1 0
github.com/ebogdum/filemanager/internal/acid/atomic.go:269.2,271.53 1 0
github.com/ebogdum/filemanager/internal/acid/atomic.go:275.48,276.50 1 1
github.com/ebogdum/filemanager/internal/acid/atomic.go:277.20,278.27 1 1
github.com/ebogdum/filemanager/internal/acid/atomic.go:279.16,280.27 1 1
github.com/ebogdum/filemanager/internal/acid/atomic.go:281.10,282.96 1 0
github.com/ebogdum/filemanager/internal/acid/atomic.go:287.70,289.16 2 1
github.com/ebogdum/filemanager/internal/acid/atomic.go:289.16,291.3 1 0
github.com/ebogdum/filemanager/internal/acid/atomic.go:292.2,295.16 3 1
github.com/ebogdum/filemanager/internal/acid/atomic.go:295.16,297.3 1 0
github.com/ebogdum/filemanager/internal/acid/atomic.go:298.2,298.41 1 1
github.com/ebogdum/filemanager/internal/acid/atomic.go:298.41,300.3 1 0
github.com/ebogdum/filemanager/internal/acid/atomic.go:302.2,302.44 1 1
github.com/ebogdum/filemanager/internal/acid/atomic.go:309.40,311.2 1 1
github.com/ebogdum/filemanager/internal/acid/atomic.go:314.100,315.34 1 1
github.com/ebogdum/filemanager/internal/acid/atomic.go:315.34,317.3 1 0
github.com/ebogdum/filemanager/internal/acid/atomic.go:318.2,318.42 1 1
github.com/ebogdum/filemanager/internal/acid/atomic.go:322.85,324.16 2 0
github.com/ebogdum/filemanager/internal/acid/atomic.go:324.16,326.3 1 0
github.com/ebogdum/filemanager/internal/acid/atomic.go:327.2,327.41 1 0
github.com/ebogdum/filemanager/internal/acid/atomic.go:327.41,329.3 1 0
github.com/ebogdum/filemanager/internal/acid/atomic.go:330.2,330.44 1 0
github.com/ebogdum/filemanager/internal/acid/atomic.go:334.75,336.16 2 1
github.com/ebogdum/filemanager/internal/acid/atomic.go:336.16,338.3 1 0
github.com/ebogdum/filemanager/internal/acid/atomic.go:339.2,340.39 2 1
github.com/ebogdum/filemanager/internal/acid/atomic.go:344.104,346.16 2 0
github.com/ebogdum/filemanager/internal/acid/atomic.go:346.16,348.3 1 0
github.com/ebogdum/filemanager/internal/acid/atomic.go:349.2,349.24 1 0
github.com/ebogdum/filemanager/internal/acid/atomic.go:349.24,351.3 1 0
github.com/ebogdum/filemanager/internal/acid/atomic.go:352.2,352.12 1 0
github.com/ebogdum/filemanager/internal/acid/backup.go:23.34,27.2 1 0
github.com/ebogdum/filemanager/internal/acid/backup.go:30.99,31.34 1 0
github.com/ebogdum/filemanager/internal/acid/backup.go:31.34,33.3 1 0
github.com/ebogdum/filemanager/internal/acid/backup.go:35.2,36.16 2 0
github.com/ebogdum/filemanager/internal/acid/backup.go:36.16,38.3 1 0
github.com/ebogdum/filemanager/internal/acid/backup.go:41.2,42.16 2 0
github.com/ebogdum/filemanager/internal/acid/backup.go:42.16,44.3 1 0
github.com/ebogdum/filemanager/internal/acid/backup.go:45.2,45.18 1 0
github.com/ebogdum/filemanager/internal/acid/backup.go:45.18,47.3 1 0
github.com/ebogdum/filemanager/internal/acid/backup.go:50.2,54.53 3 0
github.com/ebogdum/filemanager/internal/acid/backup.go:54.53,56.3 1 0
github.com/ebogdum/filemanager/internal/acid/backup.go:59.2,60.16 2 0
github.com/ebogdum/filemanager/internal/acid/backup.go:60.16,62.3 1 0
github.com/ebogdum/filemanager/internal/acid/backup.go:63.2,67.19 3 0
github.com/ebogdum/filemanager/internal/acid/backup.go:67.19,70.17 3 0
github.com/ebogdum/filemanager/internal/acid/backup.go:70.17,72.4 1 0
github.com/ebogdum/filemanager/internal/acid/backup.go:73.3,78.55 4 0
github.com/ebogdum/filemanager/internal/acid/backup.go:78.55,81.4 2 0
github.com/ebogdum/filemanager/internal/acid/backup.go:83.3,83.42 1 0
github.com/ebogdum/filemanager/internal/acid/backup.go:83.42,86.4 2 0
github.com/ebogdum/filemanager/internal/acid/backup.go:87.8,89.17 2 0
github.com/ebogdum/filemanager/internal/acid/backup.go:89.17,91.4 1 0
github.com/ebogdum/filemanager/internal/acid/backup.go:92.3,94.54 2 0
github.com/ebogdum/filemanager/internal/acid/backup.go:94.54,97.4 2 0
github.com/ebogdum/filemanager/internal/acid/backup.go:100.2,100.39 1 0
github.com/ebogdum/filemanager/internal/acid/backup.go:100.39,102.3 1 0
github.com/ebogdum/filemanager/internal/acid/backup.go:105.2,105.25 1 0
github.com/ebogdum/filemanager/internal/acid/backup.go:105.25,106.66 1 0
github.com/ebogdum/filemanager/internal/acid/backup.go:106.66,109.4 1 0
github.com/ebogdum/filemanager/internal/acid/backup.go:112.2,112.24 1 0
github.com/ebogdum/filemanager/internal/acid/backup.go:116.81,118.26 2 0
github.com/ebogdum/filemanager/internal/acid/backup.go:118.26,120.3 1 0
github.com/ebogdum/filemanager/internal/acid/backup.go:122.2,124.18 3 0
github.com/ebogdum/filemanager/internal/acid/backup.go:124.18,126.3 1 0
github.com/ebogdum/filemanager/internal/acid/backup.go:128.2,129.27 2 0
github.com/ebogdum/filemanager/internal/acid/backup.go:129.27,132.3 2 0
github.com/ebogdum/filemanager/internal/acid/backup.go:132.8,134.3 1 0
github.com/ebogdum/filemanager/internal/acid/backup.go:136.2,136.39 1 0
github.com/ebogdum/filemanager/internal/acid/backup.go:140.88,141.34 1 0
github.com/ebogdum/filemanager/internal/acid/backup.go:141.34,143.3 1 0
github.com/ebogdum/filemanager/internal/acid/backup.go:145.2,146.16 2 0
github.com/ebogdum/filemanager/internal/acid/backup.go:146.16,148.3 1 0
github.com/ebogdum/filemanager/internal/acid/backup.go:150.2,151.16 2 0
github.com/ebogdum/filemanager/internal/acid/backup.go:151.16,153.3 1 0
github.com/ebogdum/filemanager/internal/acid/backup.go:156.2,156.50 1 0
github.com/ebogdum/filemanager/internal/acid/backup.go:156.50,158.3 1 0
github.com/ebogdum/filemanager/internal/acid/backup.go:161.2,162.16 2 0
github.com/ebogdum/filemanager/internal/acid/backup.go:162.16,164.3 1 0
github.com/ebogdum/filemanager/internal/acid/backup.go:165.2,169.53 3 0
github.com/ebogdum/filemanager/internal/acid/backup.go:169.53,171.3 1 0
github.com/ebogdum/filemanager/internal/acid/backup.go:174.2,180.45 5 0
github.com/ebogdum/filemanager/internal/acid/backup.go:180.45,182.17 2 0
github.com/ebogdum/filemanager/internal/acid/backup.go:182.17,184.4 1 0
github.com/ebogdum/filemanager/internal/acid/backup.go:185.3,186.20 2 0
github.com/ebogdum/filemanager/internal/acid/backup.go:189.2,189.59 1 0
github.com/ebogdum/filemanager/internal/acid/backup.go:193.83,194.34 1 0
github.com/ebogdum/filemanager/internal/acid/backup.go:194.34,196.3 1 0
github.com/ebogdum/filemanager/internal/acid/backup.go:198.2,199.16 2 0
github.com/ebogdum/filemanager/internal/acid/backup.go:199.16,201.3 1 0
github.com/ebogdum/filemanager/internal/acid/backup.go:203.2,208.16 4 0
github.com/ebogdum/filemanager/internal/acid/backup.go:208.16,209.25 1 0
github.com/ebogdum/filemanager/internal/acid/backup.go:209.25,211.4 1 0
github.com/ebogdum/filemanager/internal/acid/backup.go:212.3,212.62 1 0
github.com/ebogdum/filemanager/internal/acid/backup.go:215.2,216.32 2 0
github.com/ebogdum/filemanager/internal/acid/backup.go:216.32,217.20 1 0
github.com/ebogdum/filemanager/internal/acid/backup.go:217.20,218.12 1 0
github.com/ebogdum/filemanager/internal/acid/backup.go:221.3,223.41 2 0
github.com/ebogdum/filemanager/internal/acid/backup.go:223.41,224.12 1 0
github.com/ebogdum/filemanager/internal/acid/backup.go:228.3,229.17 2 0
github.com/ebogdum/filemanager/internal/acid/backup.go:229.17,230.12 1 0
github.com/ebogdum/filemanager/internal/acid/backup.go:233.3,245.5 4 0
github.com/ebogdum/filemanager/internal/acid/backup.go:249.2,249.42 1 0
github.com/ebogdum/filemanager/internal/acid/backup.go:249.42,251.3 1 0
github.com/ebogdum/filemanager/internal/acid/backup.go:253.2,253.21 1 0
github.com/ebogdum/filemanager/internal/acid/backup.go:257.85,258.34 1 0
github.com/ebogdum/filemanager/internal/acid/backup.go:258.34,260.3 1 0
github.com/ebogdum/filemanager/internal/acid/backup.go:262.2,262.20 1 0
github.com/ebogdum/filemanager/internal/acid/backup.go:262.20,264.3 1 0
github.com/ebogdum/filemanager/internal/acid/backup.go:266.2,267.16 2 0
github.com/ebogdum/filemanager/internal/acid/backup.go:267.16,269.3 1 0
github.com/ebogdum/filemanager/internal/acid/backup.go:272.2,272.30 1 0
github.com/ebogdum/filemanager/internal/acid/backup.go:272.30,273.46 1 0
github.com/ebogdum/filemanager/internal/acid/backup.go:273.46,274.72 1 0
github.com/ebogdum/filemanager/internal/acid/backup.go:274.72,276.5 1 0
github.com/ebogdum/filemanager/internal/acid/backup.go:280.2,280.12 1 0
github.com/ebogdum/filemanager/internal/acid/interfaces.go:70.41,81.2 1 1
github.com/ebogdum/filemanager/internal/acid/interfaces.go:125.39,133.2 1 1
github.com/ebogdum/filemanager/internal/acid/interfaces.go:170.43,177.2 1 0
github.com/ebogdum/filemanager/internal/acid/lock.go:25.34,29.2 1 1
github.com/ebogdum/filemanager/internal/acid/lock.go:39.93,43.16 3 1
github.com/ebogdum/filemanager/internal/acid/lock.go:43.16,45.3 1 0
github.com/ebogdum/filemanager/internal/acid/lock.go:47.2,51.22 3 1
github.com/ebogdum/filemanager/internal/acid/lock.go:51.22,54.3 2 1
github.com/ebogdum/filemanager/internal/acid/lock.go:57.2,58.20 2 1
github.com/ebogdum/filemanager/internal/acid/lock.go:58.20,60.3 1 1
github.com/ebogdum/filemanager/internal/acid/lock.go:60.8,62.3 1 1
github.com/ebogdum/filemanager/internal/acid/lock.go:64.2,64.16 1 1
github.com/ebogdum/filemanager/internal/acid/lock.go:64.16,66.3 1 0
github.com/ebogdum/filemanager/internal/acid/lock.go:68.2,68.13 1 1
github.com/ebogdum/filemanager/internal/acid/lock.go:68.13,70.3 1 0
github.com/ebogdum/filemanager/internal/acid/lock.go:73.2,85.8 5 1
github.com/ebogdum/filemanager/internal/acid/lock.go:89.106,90.23 1 1
github.com/ebogdum/filemanager/internal/acid/lock.go:90.23,94.3 2 0
github.com/ebogdum/filemanager/internal/acid/lock.go:97.2,100.6 3 1
github.com/ebogdum/filemanager/internal/acid/lock.go:100.6,102.17 2 1
github.com/ebogdum/filemanager/internal/acid/lock.go:102.17,104.4 1 0
github.com/ebogdum/filemanager/internal/acid/lock.go:105.3,105.13 1 1
github.com/ebogdum/filemanager/internal/acid/lock.go:105.13,107.4 1 1
github.com/ebogdum/filemanager/internal/acid/lock.go:109.3,109.10 1 0
github.com/ebogdum/filemanager/internal/acid/lock.go:110.21,111.27 1 0
github.com/ebogdum/filemanager/internal/acid/lock.go:112.19,112.19 0 0
github.com/ebogdum/filemanager/internal/acid/lock.go:119.103,120.23 1 1
github.com/ebogdum/filemanager/internal/acid/lock.go:120.23,124.3 2 0
github.com/ebogdum/filemanager/internal/acid/lock.go:127.2,130.6 3 1
github.com/ebogdum/filemanager/internal/acid/lock.go:130.6,132.17 2 1
github.com/ebogdum/filemanager/internal/acid/lock.go:132.17,134.4 1 0
github.com/ebogdum/filemanager/internal/acid/lock.go:135.3,135.13 1 1
github.com/ebogdum/filemanager/internal/acid/lock.go:135.13,137.4 1 1
github.com/ebogdum/filemanager/internal/acid/lock.go:139.3,139.10 1 0
github.com/ebogdum/filemanager/internal/acid/lock.go:140.21,141.27 1 0
github.com/ebogdum/filemanager/internal/acid/lock.go:142.19,142.19 0 0
github.com/ebogdum/filemanager/internal/acid/lock.go:149.102,153.16 3 1
github.com/ebogdum/filemanager/internal/acid/lock.go:153.16,155.3 1 0
github.com/ebogdum/filemanager/internal/acid/lock.go:157.2,160.20 3 1
github.com/ebogdum/filemanager/internal/acid/lock.go:160.20,162.3 1 1
github.com/ebogdum/filemanager/internal/acid/lock.go:162.8,164.3 1 0
github.com/ebogdum/filemanager/internal/acid/lock.go:166.2,166.16 1 1
github.com/ebogdum/filemanager/internal/acid/lock.go:166.16,168.3 1 0
github.com/ebogdum/filemanager/internal/acid/lock.go:170.2,170.13 1 1
github.com/ebogdum/filemanager/internal/acid/lock.go:170.13,172.3 1 1
github.com/ebogdum/filemanager/internal/acid/lock.go:175.2,187.14 5 1
github.com/ebogdum/filemanager/internal/acid/lock.go:191.46,195.2 3 1
github.com/ebogdum/filemanager/internal/acid/lock.go:206.37,210.16 3 1
github.com/ebogdum/filemanager/internal/acid/lock.go:210.16,212.3 1 0
github.com/ebogdum/filemanager/internal/acid/lock.go:214.2,218.12 4 1
github.com/ebogdum/filemanager/internal/acid/lock.go:222.36,224.2 1 1
github.com/ebogdum/filemanager/internal/acid/lock.go:227.41,229.2 1 1
github.com/ebogdum/filemanager/internal/acid/lock.go:232.88,238.16 5 0
github.com/ebogdum/filemanager/internal/acid/lock.go:238.16,240.3 1 0
github.com/ebogdum/filemanager/internal/acid/lock.go:241.2,241.15 1 0
github.com/ebogdum/filemanager/internal/acid/lock.go:241.15,242.65 1 0
github.com/ebogdum/filemanager/internal/acid/lock.go:242.65,244.4 1 0
github.com/ebogdum/filemanager/internal/acid/lock.go:247.2,247.28 1 0
github.com/ebogdum/filemanager/internal/acid/lock.go:247.28,249.3 1 0
github.com/ebogdum/filemanager/internal/acid/lock.go:251.2,251.12 1 0
github.com/ebogdum/filemanager/internal/acid/lock.go:257.90,261.16 3 1
github.com/ebogdum/filemanager/internal/acid/lock.go:261.16,263.3 1 0
github.com/ebogdum/filemanager/internal/acid/lock.go:264.2,264.15 1 1
github.com/ebogdum/filemanager/internal/acid/lock.go:264.15,265.65 1 1
github.com/ebogdum/filemanager/internal/acid/lock.go:265.65,267.4 1 0
github.com/ebogdum/filemanager/internal/acid/lock.go:270.2,270.28 1 1
github.com/ebogdum/filemanager/internal/acid/lock.go:270.28,272.3 1 0
github.com/ebogdum/filemanager/internal/acid/lock.go:274.2,274.12 1 1
github.com/ebogdum/filemanager/internal/acid/lock.go:277.57,278.29 1 1
github.com/ebogdum/filemanager/internal/acid/lock.go:278.29,280.3 1 1
github.com/ebogdum/filemanager/internal/acid/lock.go:281.2,281.13 1 1
github.com/ebogdum/filemanager/internal/acid/lock.go:284.69,286.16 2 1
github.com/ebogdum/filemanager/internal/acid/lock.go:286.16,288.3 1 0
github.com/ebogdum/filemanager/internal/acid/lock.go:290.2,290.26 1 1
github.com/ebogdum/filemanager/internal/acid/lock.go:290.26,292.48 2 1
github.com/ebogdum/filemanager/internal/acid/lock.go:292.48,294.4 1 0
github.com/ebogdum/filemanager/internal/acid/lock.go:296.3,297.17 2 1
github.com/ebogdum/filemanager/internal/acid/lock.go:297.17,299.4 1 0
github.com/ebogdum/filemanager/internal/acid/lock.go:300.3,300.35 1 1
github.com/ebogdum/filemanager/internal/acid/lock.go:300.35,302.4 1 0
github.com/ebogdum/filemanager/internal/acid/lock.go:305.2,305.21 1 1
github.com/ebogdum/filemanager/main.go:17.13,29.16 6 0
github.com/ebogdum/filemanager/main.go:29.16,31.3 1 0
github.com/ebogdum/filemanager/internal/apps/consul/plugin.go:20.20,22.2 1 0
github.com/ebogdum/filemanager/internal/apps/consul/plugin.go:25.32,27.2 1 0
github.com/ebogdum/filemanager/internal/apps/consul/plugin.go:30.35,32.2 1 0
github.com/ebogdum/filemanager/internal/apps/consul/plugin.go:35.39,37.2 1 0
github.com/ebogdum/filemanager/internal/apps/consul/plugin.go:40.40,42.2 1 0
github.com/ebogdum/filemanager/internal/apps/consul/plugin.go:45.44,193.2 1 0
github.com/ebogdum/filemanager/internal/apps/consul/plugin.go:196.38,209.2 1 0
github.com/ebogdum/filemanager/internal/apps/consul/plugin.go:212.73,216.9 3 0
github.com/ebogdum/filemanager/internal/apps/consul/plugin.go:216.9,218.3 1 0
github.com/ebogdum/filemanager/internal/apps/consul/plugin.go:221.2,221.41 1 0
github.com/ebogdum/filemanager/internal/apps/consul/plugin.go:221.41,226.3 1 0
github.com/ebogdum/filemanager/internal/apps/consul/plugin.go:229.2,229.57 1 0
github.com/ebogdum/filemanager/internal/apps/consul/plugin.go:229.57,232.33 3 0
github.com/ebogdum/filemanager/internal/apps/consul/plugin.go:232.33,233.38 1 0
github.com/ebogdum/filemanager/internal/apps/consul/plugin.go:233.38,235.10 2 0
github.com/ebogdum/filemanager/internal/apps/consul/plugin.go:238.3,238.13 1 0
github.com/ebogdum/filemanager/internal/apps/consul/plugin.go:238.13,243.4 1 0
github.com/ebogdum/filemanager/internal/apps/consul/plugin.go:247.2,247.62 1 0
github.com/ebogdum/filemanager/internal/apps/consul/plugin.go:247.62,249.38 2 0
github.com/ebogdum/filemanager/internal/apps/consul/plugin.go:250.12,251.10 1 0
github.com/ebogdum/filemanager/internal/apps/consul/plugin.go:252.14,253.15 1 0
github.com/ebogdum/filemanager/internal/apps/consul/plugin.go:254.16,255.15 1 0
github.com/ebogdum/filemanager/internal/apps/consul/plugin.go:257.3,257.26 1 0
github.com/ebogdum/filemanager/internal/apps/consul/plugin.go:257.26,262.4 1 0
github.com/ebogdum/filemanager/internal/apps/consul/plugin.go:266.2,266.58 1 0
github.com/ebogdum/filemanager/internal/apps/consul/plugin.go:266.58,267.33 1 0
github.com/ebogdum/filemanager/internal/apps/consul/plugin.go:267.33,269.28 2 0
github.com/ebogdum/filemanager/internal/apps/consul/plugin.go:270.13,271.16 1 0
github.com/ebogdum/filemanager/internal/apps/consul/plugin.go:272.15,273.21 1 0
github.com/ebogdum/filemanager/internal/apps/consul/plugin.go:274.17,275.21 1 0
github.com/ebogdum/filemanager/internal/apps/consul/plugin.go:276.12,277.13 1 0
github.com/ebogdum/filemanager/internal/apps/consul/plugin.go:279.4,279.55 1 0
github.com/ebogdum/filemanager/internal/apps/consul/plugin.go:279.55,284.5 1 0
github.com/ebogdum/filemanager/internal/apps/consul/plugin.go:288.2,288.20 1 0
github.com/ebogdum/filemanager/internal/apps/consul/plugin.go:292.81,294.9 2 0
github.com/ebogdum/filemanager/internal/apps/consul/plugin.go:294.9,296.3 1 0
github.com/ebogdum/filemanager/internal/apps/consul/plugin.go:298.2,307.20 9 0
github.com/ebogdum/filemanager/internal/apps/consul/plugin.go:310.54,313.2 2 0
github.com/ebogdum/filemanager/internal/apps/consul/plugin.go:315.108,316.48 1 0
github.com/ebogdum/filemanager/internal/apps/consul/plugin.go:316.48,318.3 1 0
github.com/ebogdum/filemanager/internal/apps/consul/plugin.go:320.2,323.4 1 0
github.com/ebogdum/filemanager/internal/apps/consul/plugin.go:326.56,327.69 1 0
github.com/ebogdum/filemanager/internal/apps/consul/plugin.go:327.69,329.3 1 0
github.com/ebogdum/filemanager/internal/apps/consul/plugin.go:330.2,330.58 1 0
github.com/ebogdum/filemanager/internal/apps/consul/plugin.go:333.84,335.9 2 0
github.com/ebogdum/filemanager/internal/apps/consul/plugin.go:335.9,337.3 1 0
github.com/ebogdum/filemanager/internal/apps/consul/plugin.go:339.2,340.33 2 0
github.com/ebogdum/filemanager/internal/apps/consul/plugin.go:340.33,342.10 2 0
github.com/ebogdum/filemanager/internal/apps/consul/plugin.go:342.10,343.12 1 0
github.com/ebogdum/filemanager/internal/apps/consul/plugin.go:346.3,346.54 1 0
github.com/ebogdum/filemanager/internal/apps/consul/plugin.go:346.54,351.4 1 0
github.com/ebogdum/filemanager/internal/apps/consul/plugin.go:353.2,353.15 1 0
github.com/ebogdum/filemanager/internal/apps/consul/plugin.go:356.98,358.9 2 0
github.com/ebogdum/filemanager/internal/apps/consul/plugin.go:358.9,360.3 1 0
github.com/ebogdum/filemanager/internal/apps/consul/plugin.go:362.2,362.46 1 0
github.com/ebogdum/filemanager/internal/apps/consul/plugin.go:362.46,367.3 1 0
github.com/ebogdum/filemanager/internal/apps/consul/plugin.go:369.2,369.12 1 0
github.com/ebogdum/filemanager/internal/apps/consul/plugin.go:372.77,374.9 2 0
github.com/ebogdum/filemanager/internal/apps/consul/plugin.go:374.9,376.3 1 0
github.com/ebogdum/filemanager/internal/apps/consul/plugin.go:378.2,379.21 2 0
github.com/ebogdum/filemanager/internal/apps/consul/plugin.go:379.21,381.3 1 0
github.com/ebogdum/filemanager/internal/apps/consul/plugin.go:383.2,383.56 1 0
github.com/ebogdum/filemanager/internal/apps/consul/plugin.go:383.56,385.3 1 0
github.com/ebogdum/filemanager/internal/apps/consul/plugin.go:387.2,390.4 1 0
github.com/ebogdum/filemanager/internal/apps/consul/plugin.go:393.98,395.9 2 0
github.com/ebogdum/filemanager/internal/apps/consul/plugin.go:395.9,397.3 1 0
github.com/ebogdum/filemanager/internal/apps/consul/plugin.go:399.2,400.33 2 0
github.com/ebogdum/filemanager/internal/apps/consul/plugin.go:400.33,402.3 1 0
github.com/ebogdum/filemanager/internal/apps/consul/plugin.go:404.2,404.62 1 0
github.com/ebogdum/filemanager/internal/apps/consul/plugin.go:404.62,406.3 1 0
github.com/ebogdum/filemanager/internal/apps/consul/plugin.go:408.2,411.4 1 0
github.com/ebogdum/filemanager/internal/apps/consul/plugin.go:414.32,415.23 1 0
github.com/ebogdum/filemanager/internal/apps/consul/plugin.go:416.11,417.11 1 0
github.com/ebogdum/filemanager/internal/apps/consul/plugin.go:418.13,419.16 1 0
github.com/ebogdum/filemanager/internal/apps/consul/plugin.go:420.15,421.16 1 0
github.com/ebogdum/filemanager/internal/apps/consul/plugin.go:422.10,423.11 1 0
github.com/ebogdum/filemanager/internal/apps/consul/plugin.go:428.45,430.42 1 0
github.com/ebogdum/filemanager/internal/apps/consul/plugin.go:430.42,433.3 1 0
github.com/ebogdum/filemanager/internal/apps/consul/plugin.go:436.2,436.34 1 0
github.com/ebogdum/filemanager/internal/apps/consul/plugin.go:436.34,438.3 1 0
github.com/ebogdum/filemanager/internal/apps/consul/plugin.go:441.2,442.16 2 0
github.com/ebogdum/filemanager/internal/apps/consul/plugin.go:442.16,445.3 1 0
github.com/ebogdum/filemanager/internal/apps/consul/plugin.go:448.2,448.40 1 0
github.com/ebogdum/filemanager/internal/apps/consul/plugin.go:448.40,450.29 1 0
github.com/ebogdum/filemanager/internal/apps/consul/plugin.go:450.29,452.4 1 0
github.com/ebogdum/filemanager/internal/apps/consul/plugin.go:455.2,455.12 1 0
github.com/ebogdum/filemanager/internal/apps/consul/plugin.go:459.41,461.34 1 0
github.com/ebogdum/filemanager/internal/apps/consul/plugin.go:461.34,463.3 1 0
github.com/ebogdum/filemanager/internal/apps/consul/plugin.go:465.2,465.40 1 0
github.com/ebogdum/filemanager/internal/apps/consul/plugin.go:465.40,467.3 1 0
github.com/ebogdum/filemanager/internal/apps/consul/plugin.go:469.2,469.12 1 0
github.com/ebogdum/filemanager/internal/apps/consul/plugin.go:473.44,474.25 1 0
github.com/ebogdum/filemanager/internal/apps/consul/plugin.go:474.25,476.3 1 0
github.com/ebogdum/filemanager/internal/apps/consul/plugin.go:478.2,479.44 2 0
github.com/ebogdum/filemanager/internal/apps/consul/plugin.go:483.53,485.9 2 0
github.com/ebogdum/filemanager/internal/apps/consul/plugin.go:485.9,487.3 1 0
github.com/ebogdum/filemanager/internal/apps/consul/plugin.go:490.2,490.57 1 0
github.com/ebogdum/filemanager/internal/apps/consul/plugin.go:490.57,492.3 1 0
github.com/ebogdum/filemanager/internal/apps/consul/plugin.go:494.2,494.23 1 0
github.com/ebogdum/filemanager/internal/apps/consul/plugin.go:498.55,502.2 1 0
github.com/ebogdum/filemanager/internal/apps/consul/plugin.go:505.55,508.54 2 0
github.com/ebogdum/filemanager/internal/apps/consul/plugin.go:508.54,510.3 1 0
github.com/ebogdum/filemanager/internal/apps/consul/plugin.go:511.2,511.20 1 0
github.com/ebogdum/filemanager/internal/apps/consul/plugin.go:515.56,517.9 2 0
github.com/ebogdum/filemanager/internal/apps/consul/plugin.go:517.9,519.3 1 0
github.com/ebogdum/filemanager/internal/apps/consul/plugin.go:521.2,522.9 2 0
github.com/ebogdum/filemanager/internal/apps/consul/plugin.go:522.9,524.3 1 0
github.com/ebogdum/filemanager/internal/apps/consul/plugin.go:526.2,526.44 1 0
github.com/ebogdum/filemanager/internal/apps/consul/plugin.go:530.62,539.2 5 0
github.com/ebogdum/filemanager/internal/apps/consul/plugin.go:542.96,544.29 1 0
github.com/ebogdum/filemanager/internal/apps/consul/plugin.go:544.29,546.19 2 0
github.com/ebogdum/filemanager/internal/apps/consul/plugin.go:546.19,548.4 1 0
github.com/ebogdum/filemanager/internal/apps/consul/plugin.go:550.3,551.14 2 0
github.com/ebogdum/filemanager/internal/apps/consul/plugin.go:551.14,557.12 2 0
github.com/ebogdum/filemanager/internal/apps/consul/plugin.go:561.3,563.27 3 0
github.com/ebogdum/filemanager/internal/apps/consul/plugin.go:563.27,565.12 2 0
github.com/ebogdum/filemanager/internal/apps/consul/plugin.go:569.3,569.35 1 0
github.com/ebogdum/filemanager/internal/apps/consul/plugin.go:569.35,576.4 1 0
github.com/ebogdum/filemanager/internal/apps/consul/plugin.go:580.2,580.29 1 0
github.com/ebogdum/filemanager/internal/apps/consul/plugin.go:580.29,582.19 2 0
github.com/ebogdum/filemanager/internal/apps/consul/plugin.go:582.19,584.4 1 0
github.com/ebogdum/filemanager/internal/apps/consul/plugin.go:586.3,586.35 1 0
github.com/ebogdum/filemanager/internal/apps/consul/plugin.go:586.35,592.4 1 0
github.com/ebogdum/filemanager/internal/apps/consul/plugin.go:595.2,595.16 1 0
github.com/ebogdum/filemanager/internal/apps/consul/plugin.go:599.33,603.2 3 0
github.com/ebogdum/filemanager/internal/apps/consul/plugin.go:606.61,610.25 2 0
github.com/ebogdum/filemanager/internal/apps/consul/plugin.go:610.25,612.3 1 0
github.com/ebogdum/filemanager/internal/apps/consul/plugin.go:615.2,615.28 1 0
github.com/ebogdum/filemanager/internal/apps/consul/plugin.go:615.28,616.43 1 0
github.com/ebogdum/filemanager/internal/apps/consul/plugin.go:616.43,620.33 3 0
github.com/ebogdum/filemanager/internal/apps/consul/plugin.go:620.33,622.13 2 0
github.com/ebogdum/filemanager/internal/apps/consul/plugin.go:625.3,625.16 1 0
github.com/ebogdum/filemanager/internal/apps/consul/plugin.go:628.2,628.15 1 0
github.com/ebogdum/filemanager/internal/apps/docker/plugin.go:20.20,22.2 1 0
github.com/ebogdum/filemanager/internal/apps/docker/plugin.go:25.32,27.2 1 0
github.com/ebogdum/filemanager/internal/apps/docker/plugin.go:30.35,32.2 1 0
github.com/ebogdum/filemanager/internal/apps/docker/plugin.go:35.39,37.2 1 0
github.com/ebogdum/filemanager/internal/apps/docker/plugin.go:40.40,42.2 1 0
github.com/ebogdum/filemanager/internal/apps/docker/plugin.go:45.44,107.2 1 0
github.com/ebogdum/filemanager/internal/apps/docker/plugin.go:110.38,120.2 1 0
github.com/ebogdum/filemanager/internal/apps/docker/plugin.go:123.73,127.9 3 0
github.com/ebogdum/filemanager/internal/apps/docker/plugin.go:127.9,129.3 1 0
github.com/ebogdum/filemanager/internal/apps/docker/plugin.go:132.2,132.51 1 0
github.com/ebogdum/filemanager/internal/apps/docker/plugin.go:132.51,136.34 4 0
github.com/ebogdum/filemanager/internal/apps/docker/plugin.go:136.34,137.22 1 0
github.com/ebogdum/filemanager/internal/apps/docker/plugin.go:137.22,139.10 2 0
github.com/ebogdum/filemanager/internal/apps/docker/plugin.go:142.3,142.13 1 0
github.com/ebogdum/filemanager/internal/apps/docker/plugin.go:142.13,147.4 1 0
github.com/ebogdum/filemanager/internal/apps/docker/plugin.go:151.2,151.47 1 0
github.com/ebogdum/filemanager/internal/apps/docker/plugin.go:151.47,155.34 4 0
github.com/ebogdum/filemanager/internal/apps/docker/plugin.go:155.34,156.22 1 0
github.com/ebogdum/filemanager/internal/apps/docker/plugin.go:156.22,158.10 2 0
github.com/ebogdum/filemanager/internal/apps/docker/plugin.go:161.3,161.13 1 0
github.com/ebogdum/filemanager/internal/apps/docker/plugin.go:161.13,166.4 1 0
github.com/ebogdum/filemanager/internal/apps/docker/plugin.go:170.2,170.54 1 0
github.com/ebogdum/filemanager/internal/apps/docker/plugin.go:170.54,173.3 2 0
github.com/ebogdum/filemanager/internal/apps/docker/plugin.go:176.2,176.60 1 0
github.com/ebogdum/filemanager/internal/apps/docker/plugin.go:176.60,179.3 2 0
github.com/ebogdum/filemanager/internal/apps/docker/plugin.go:182.2,182.37 1 0
github.com/ebogdum/filemanager/internal/apps/docker/plugin.go:182.37,185.3 2 0
github.com/ebogdum/filemanager/internal/apps/docker/plugin.go:188.2,188.37 1 0
github.com/ebogdum/filemanager/internal/apps/docker/plugin.go:188.37,190.27 2 0
github.com/ebogdum/filemanager/internal/apps/docker/plugin.go:190.27,195.4 1 0
github.com/ebogdum/filemanager/internal/apps/docker/plugin.go:199.2,199.57 1 0
github.com/ebogdum/filemanager/internal/apps/docker/plugin.go:199.57,202.3 2 0
github.com/ebogdum/filemanager/internal/apps/docker/plugin.go:204.2,204.20 1 0
github.com/ebogdum/filemanager/internal/apps/docker/plugin.go:207.82,211.9 3 0
github.com/ebogdum/filemanager/internal/apps/docker/plugin.go:211.9,212.44 1 0
github.com/ebogdum/filemanager/internal/apps/docker/plugin.go:212.44,213.33 1 0
github.com/ebogdum/filemanager/internal/apps/docker/plugin.go:213.33,214.23 1 0
github.com/ebogdum/filemanager/internal/apps/docker/plugin.go:214.23,219.6 1 0
github.com/ebogdum/filemanager/internal/apps/docker/plugin.go:221.4,221.17 1 0
github.com/ebogdum/filemanager/internal/apps/docker/plugin.go:223.3,223.75 1 0
github.com/ebogdum/filemanager/internal/apps/docker/plugin.go:226.2,226.28 1 0
github.com/ebogdum/filemanager/internal/apps/docker/plugin.go:226.28,228.26 2 0
github.com/ebogdum/filemanager/internal/apps/docker/plugin.go:228.26,233.4 1 0
github.com/ebogdum/filemanager/internal/apps/docker/plugin.go:236.2,236.15 1 0
github.com/ebogdum/filemanager/internal/apps/docker/plugin.go:239.93,243.9 3 0
github.com/ebogdum/filemanager/internal/apps/docker/plugin.go:243.9,245.3 1 0
github.com/ebogdum/filemanager/internal/apps/docker/plugin.go:247.2,247.33 1 0
github.com/ebogdum/filemanager/internal/apps/docker/plugin.go:247.33,249.36 2 0
github.com/ebogdum/filemanager/internal/apps/docker/plugin.go:249.36,254.4 1 0
github.com/ebogdum/filemanager/internal/apps/docker/plugin.go:257.2,257.15 1 0
github.com/ebogdum/filemanager/internal/apps/docker/plugin.go:260.80,264.9 3 0
github.com/ebogdum/filemanager/internal/apps/docker/plugin.go:264.9,266.3 1 0
github.com/ebogdum/filemanager/internal/apps/docker/plugin.go:268.2,268.28 1 0
github.com/ebogdum/filemanager/internal/apps/docker/plugin.go:268.28,270.32 2 0
github.com/ebogdum/filemanager/internal/apps/docker/plugin.go:270.32,275.4 1 0
github.com/ebogdum/filemanager/internal/apps/docker/plugin.go:278.2,278.15 1 0
github.com/ebogdum/filemanager/internal/apps/docker/plugin.go:281.75,285.9 3 0
github.com/ebogdum/filemanager/internal/apps/docker/plugin.go:285.9,287.3 1 0
github.com/ebogdum/filemanager/internal/apps/docker/plugin.go:289.2,289.32 1 0
github.com/ebogdum/filemanager/internal/apps/docker/plugin.go:289.32,293.10 3 0
github.com/ebogdum/filemanager/internal/apps/docker/plugin.go:293.10,298.12 2 0
github.com/ebogdum/filemanager/internal/apps/docker/plugin.go:302.3,302.38 1 0
github.com/ebogdum/filemanager/internal/apps/docker/plugin.go:302.38,304.29 2 0
github.com/ebogdum/filemanager/internal/apps/docker/plugin.go:304.29,309.5 1 0
github.com/ebogdum/filemanager/internal/apps/docker/plugin.go:310.9,315.4 1 0
github.com/ebogdum/filemanager/internal/apps/docker/plugin.go:318.3,318.38 1 0
github.com/ebogdum/filemanager/internal/apps/docker/plugin.go:318.38,319.28 1 0
github.com/ebogdum/filemanager/internal/apps/docker/plugin.go:320.13,321.24 1 0
github.com/ebogdum/filemanager/internal/apps/docker/plugin.go:321.24,326.6 1 0
github.com/ebogdum/filemanager/internal/apps/docker/plugin.go:327.17,328.24 1 0
github.com/ebogdum/filemanager/internal/apps/docker/plugin.go:328.24,333.6 1 0
github.com/ebogdum/filemanager/internal/apps/docker/plugin.go:335.9,340.4 1 0
github.com/ebogdum/filemanager/internal/apps/docker/plugin.go:343.2,343.15 1 0
github.com/ebogdum/filemanager/internal/apps/docker/plugin.go:347.81,351.9 3 0
github.com/ebogdum/filemanager/internal/apps/docker/plugin.go:351.9,353.3 1 0
github.com/ebogdum/filemanager/internal/apps/docker/plugin.go:356.2,356.68 1 0
github.com/ebogdum/filemanager/internal/apps/docker/plugin.go:356.68,357.26 1 0
github.com/ebogdum/filemanager/internal/apps/docker/plugin.go:357.26,362.4 1 0
github.com/ebogdum/filemanager/internal/apps/docker/plugin.go:366.2,366.51 1 0
github.com/ebogdum/filemanager/internal/apps/docker/plugin.go:366.51,369.32 3 0
github.com/ebogdum/filemanager/internal/apps/docker/plugin.go:369.32,370.22 1 0
github.com/ebogdum/filemanager/internal/apps/docker/plugin.go:370.22,375.5 1 0
github.com/ebogdum/filemanager/internal/apps/docker/plugin.go:380.2,380.54 1 0
github.com/ebogdum/filemanager/internal/apps/docker/plugin.go:380.54,381.58 1 0
github.com/ebogdum/filemanager/internal/apps/docker/plugin.go:381.58,386.4 1 0
github.com/ebogdum/filemanager/internal/apps/docker/plugin.go:389.2,389.20 1 0
github.com/ebogdum/filemanager/internal/apps/docker/plugin.go:393.53,395.9 2 0
github.com/ebogdum/filemanager/internal/apps/docker/plugin.go:395.9,397.3 1 0
github.com/ebogdum/filemanager/internal/apps/docker/plugin.go:399.2,422.29 3 0
github.com/ebogdum/filemanager/internal/apps/docker/plugin.go:422.29,423.32 1 0
github.com/ebogdum/filemanager/internal/apps/docker/plugin.go:423.32,425.4 1 0
github.com/ebogdum/filemanager/internal/apps/docker/plugin.go:429.2,429.30 1 0
github.com/ebogdum/filemanager/internal/apps/docker/plugin.go:429.30,430.38 1 0
github.com/ebogdum/filemanager/internal/apps/docker/plugin.go:430.38,432.4 1 0
github.com/ebogdum/filemanager/internal/apps/docker/plugin.go:435.2,435.20 1 0
github.com/ebogdum/filemanager/internal/apps/docker/plugin.go:439.55,441.2 1 0
github.com/ebogdum/filemanager/internal/apps/docker/plugin.go:444.55,446.54 2 0
github.com/ebogdum/filemanager/internal/apps/docker/plugin.go:446.54,448.3 1 0
github.com/ebogdum/filemanager/internal/apps/docker/plugin.go:449.2,449.20 1 0
github.com/ebogdum/filemanager/internal/apps/docker/plugin.go:453.56,457.27 3 0
github.com/ebogdum/filemanager/internal/apps/docker/plugin.go:457.27,459.3 1 0
github.com/ebogdum/filemanager/internal/apps/docker/plugin.go:461.2,464.28 2 0
github.com/ebogdum/filemanager/internal/apps/docker/plugin.go:464.28,466.3 1 0
github.com/ebogdum/filemanager/internal/apps/docker/plugin.go:469.2,469.31 1 0
github.com/ebogdum/filemanager/internal/apps/docker/plugin.go:469.31,470.12 1 0
github.com/ebogdum/filemanager/internal/apps/docker/plugin.go:471.112,473.41 1 0
github.com/ebogdum/filemanager/internal/apps/docker/plugin.go:475.43,477.37 1 0
github.com/ebogdum/filemanager/internal/apps/docker/plugin.go:477.37,480.5 2 0
github.com/ebogdum/filemanager/internal/apps/docker/plugin.go:480.10,482.5 1 0
github.com/ebogdum/filemanager/internal/apps/docker/plugin.go:484.11,485.27 1 0
github.com/ebogdum/filemanager/internal/apps/docker/plugin.go:489.2,489.20 1 0
github.com/ebogdum/filemanager/internal/apps/docker/plugin.go:493.62,495.2 1 0
github.com/ebogdum/filemanager/internal/apps/docker/plugin.go:501.32,503.2 1 0
github.com/ebogdum/filemanager/internal/apps/docker/plugin.go:507.37,509.2 1 0
github.com/ebogdum/filemanager/internal/apps/docker/plugin.go:511.33,514.2 2 0
github.com/ebogdum/filemanager/internal/apps/docker/plugin.go:516.41,520.13 3 0
github.com/ebogdum/filemanager/internal/apps/docker/plugin.go:520.13,522.3 1 0
github.com/ebogdum/filemanager/internal/apps/docker/plugin.go:523.2,523.16 1 0
github.com/ebogdum/filemanager/internal/apps/docker/plugin.go:523.16,525.3 1 0
github.com/ebogdum/filemanager/internal/apps/docker/plugin.go:528.2,531.29 3 0
github.com/ebogdum/filemanager/internal/apps/docker/plugin.go:531.29,533.17 2 0
github.com/ebogdum/filemanager/internal/apps/docker/plugin.go:533.17,536.4 2 0
github.com/ebogdum/filemanager/internal/apps/docker/plugin.go:539.2,539.32 1 0
github.com/ebogdum/filemanager/internal/apps/docker/plugin.go:539.32,541.17 2 0
github.com/ebogdum/filemanager/internal/apps/docker/plugin.go:541.17,544.4 2 0
github.com/ebogdum/filemanager/internal/apps/docker/plugin.go:547.2,547.15 1 0
github.com/ebogdum/filemanager/internal/apps/docker/plugin.go:550.26,551.14 1 0
github.com/ebogdum/filemanager/internal/apps/docker/plugin.go:551.14,553.3 1 0
github.com/ebogdum/filemanager/internal/apps/docker/plugin.go:554.2,554.25 1 0
github.com/ebogdum/filemanager/internal/apps/docker/plugin.go:555.22,557.25 2 0
github.com/ebogdum/filemanager/internal/apps/docker/plugin.go:557.25,559.4 1 0
github.com/ebogdum/filemanager/internal/apps/docker/plugin.go:560.3,560.16 1 0
github.com/ebogdum/filemanager/internal/apps/docker/plugin.go:561.13,563.25 2 0
github.com/ebogdum/filemanager/internal/apps/docker/plugin.go:563.25,565.4 1 0
github.com/ebogdum/filemanager/internal/apps/docker/plugin.go:566.3,566.16 1 0
github.com/ebogdum/filemanager/internal/apps/docker/plugin.go:567.10,568.11 1 0
github.com/ebogdum/filemanager/internal/apps/docker/plugin.go:572.48,576.27 3 0
github.com/ebogdum/filemanager/internal/apps/docker/plugin.go:576.27,578.3 1 0
github.com/ebogdum/filemanager/internal/apps/docker/plugin.go:580.2,581.28 2 0
github.com/ebogdum/filemanager/internal/apps/docker/plugin.go:581.28,583.3 1 0
github.com/ebogdum/filemanager/internal/apps/docker/plugin.go:584.2,584.31 1 0
github.com/ebogdum/filemanager/internal/apps/docker/plugin.go:584.31,585.36 1 0
github.com/ebogdum/filemanager/internal/apps/docker/plugin.go:585.36,586.52 1 0
github.com/ebogdum/filemanager/internal/apps/docker/plugin.go:586.52,587.48 1 0
github.com/ebogdum/filemanager/internal/apps/docker/plugin.go:587.48,590.14 3 0
github.com/ebogdum/filemanager/internal/apps/docker/plugin.go:594.3,594.16 1 0
github.com/ebogdum/filemanager/internal/apps/docker/plugin.go:596.2,596.20 1 0
github.com/ebogdum/filemanager/internal/apps/docker/plugin.go:599.67,605.22 4 0
github.com/ebogdum/filemanager/internal/apps/docker/plugin.go:605.22,606.55 1 0
github.com/ebogdum/filemanager/internal/apps/docker/plugin.go:606.55,613.4 1 0
github.com/ebogdum/filemanager/internal/apps/docker/plugin.go:614.3,614.22 1 0
github.com/ebogdum/filemanager/internal/apps/docker/plugin.go:617.2,617.22 1 0
github.com/ebogdum/filemanager/internal/apps/docker/plugin.go:617.22,625.3 2 0
github.com/ebogdum/filemanager/internal/apps/docker/plugin.go:627.2,628.24 2 0
github.com/ebogdum/filemanager/internal/apps/docker/plugin.go:628.24,630.3 1 0
github.com/ebogdum/filemanager/internal/apps/docker/plugin.go:631.2,631.24 1 0
github.com/ebogdum/filemanager/internal/apps/docker/plugin.go:631.24,633.3 1 0
github.com/ebogdum/filemanager/internal/apps/docker/plugin.go:635.2,636.25 2 0
github.com/ebogdum/filemanager/internal/apps/docker/plugin.go:636.25,638.3 1 0
github.com/ebogdum/filemanager/internal/apps/docker/plugin.go:639.2,641.25 2 0
github.com/ebogdum/filemanager/internal/apps/docker/plugin.go:641.25,643.17 2 0
github.com/ebogdum/filemanager/internal/apps/docker/plugin.go:643.17,645.4 1 0
github.com/ebogdum/filemanager/internal/apps/docker/plugin.go:647.3,650.14 3 0
github.com/ebogdum/filemanager/internal/apps/docker/plugin.go:650.14,656.4 1 0
github.com/ebogdum/filemanager/internal/apps/docker/plugin.go:656.9,656.21 1 0
github.com/ebogdum/filemanager/internal/apps/docker/plugin.go:656.21,662.4 1 0
github.com/ebogdum/filemanager/internal/apps/docker/plugin.go:662.9,665.4 2 0
github.com/ebogdum/filemanager/internal/apps/docker/plugin.go:668.2,668.21 1 0
github.com/ebogdum/filemanager/internal/apps/elasticsearch/plugin.go:21.20,23.2 1 0
github.com/ebogdum/filemanager/internal/apps/elasticsearch/plugin.go:29.32,31.2 1 0
github.com/ebogdum/filemanager/internal/apps/elasticsearch/plugin.go:34.35,36.2 1 0
github.com/ebogdum/filemanager/internal/apps/elasticsearch/plugin.go:39.39,41.2 1 0
github.com/ebogdum/filemanager/internal/apps/elasticsearch/plugin.go:44.40,46.2 1 0
github.com/ebogdum/filemanager/internal/apps/elasticsearch/plugin.go:49.44,87.2 1 0
github.com/ebogdum/filemanager/internal/apps/elasticsearch/plugin.go:90.38,99.2 1 0
github.com/ebogdum/filemanager/internal/apps/elasticsearch/plugin.go:102.73,106.9 3 0
github.com/ebogdum/filemanager/internal/apps/elasticsearch/plugin.go:106.9,108.3 1 0
github.com/ebogdum/filemanager/internal/apps/elasticsearch/plugin.go:111.2,131.20 8 0
github.com/ebogdum/filemanager/internal/apps/elasticsearch/plugin.go:134.90,138.60 2 0
github.com/ebogdum/filemanager/internal/apps/elasticsearch/plugin.go:138.60,139.24 1 0
github.com/ebogdum/filemanager/internal/apps/elasticsearch/plugin.go:139.24,144.4 1 0
github.com/ebogdum/filemanager/internal/apps/elasticsearch/plugin.go:145.3,145.39 1 0
github.com/ebogdum/filemanager/internal/apps/elasticsearch/plugin.go:145.39,150.4 1 0
github.com/ebogdum/filemanager/internal/apps/elasticsearch/plugin.go:154.2,154.78 1 0
github.com/ebogdum/filemanager/internal/apps/elasticsearch/plugin.go:154.78,155.31 1 0
github.com/ebogdum/filemanager/internal/apps/elasticsearch/plugin.go:155.31,160.4 1 0
github.com/ebogdum/filemanager/internal/apps/elasticsearch/plugin.go:162.3,162.60 1 0
github.com/ebogdum/filemanager/internal/apps/elasticsearch/plugin.go:162.60,167.4 1 0
github.com/ebogdum/filemanager/internal/apps/elasticsearch/plugin.go:171.2,171.115 1 0
github.com/ebogdum/filemanager/internal/apps/elasticsearch/plugin.go:171.115,176.3 1 0
github.com/ebogdum/filemanager/internal/apps/elasticsearch/plugin.go:178.2,178.15 1 0
github.com/ebogdum/filemanager/internal/apps/elasticsearch/plugin.go:181.87,185.54 2 0
github.com/ebogdum/filemanager/internal/apps/elasticsearch/plugin.go:185.54,186.21 1 0
github.com/ebogdum/filemanager/internal/apps/elasticsearch/plugin.go:186.21,191.4 1 0
github.com/ebogdum/filemanager/internal/apps/elasticsearch/plugin.go:195.2,195.55 1 0
github.com/ebogdum/filemanager/internal/apps/elasticsearch/plugin.go:195.55,211.34 2 0
github.com/ebogdum/filemanager/internal/apps/elasticsearch/plugin.go:211.34,212.40 1 0
github.com/ebogdum/filemanager/internal/apps/elasticsearch/plugin.go:212.40,213.29 1 0
github.com/ebogdum/filemanager/internal/apps/elasticsearch/plugin.go:213.29,218.6 1 0
github.com/ebogdum/filemanager/internal/apps/elasticsearch/plugin.go:224.2,225.49 2 0
github.com/ebogdum/filemanager/internal/apps/elasticsearch/plugin.go:225.49,226.35 1 0
github.com/ebogdum/filemanager/internal/apps/elasticsearch/plugin.go:226.35,231.4 1 0
github.com/ebogdum/filemanager/internal/apps/elasticsearch/plugin.go:235.2,235.26 1 0
github.com/ebogdum/filemanager/internal/apps/elasticsearch/plugin.go:235.26,236.43 1 0
github.com/ebogdum/filemanager/internal/apps/elasticsearch/plugin.go:236.43,238.39 2 0
github.com/ebogdum/filemanager/internal/apps/elasticsearch/plugin.go:238.39,243.5 1 0
github.com/ebogdum/filemanager/internal/apps/elasticsearch/plugin.go:247.2,247.15 1 0
github.com/ebogdum/filemanager/internal/apps/elasticsearch/plugin.go:250.87,254.54 2 0
github.com/ebogdum/filemanager/internal/apps/elasticsearch/plugin.go:254.54,255.21 1 0
github.com/ebogdum/filemanager/internal/apps/elasticsearch/plugin.go:255.21,260.4 1 0
github.com/ebogdum/filemanager/internal/apps/elasticsearch/plugin.go:261.8,261.64 1 0
github.com/ebogdum/filemanager/internal/apps/elasticsearch/plugin.go:261.64,262.29 1 0
github.com/ebogdum/filemanager/internal/apps/elasticsearch/plugin.go:262.29,267.4 1 0
github.com/ebogdum/filemanager/internal/apps/elasticsearch/plugin.go:271.2,271.54 1 0
github.com/ebogdum/filemanager/internal/apps/elasticsearch/plugin.go:271.54,272.21 1 0
github.com/ebogdum/filemanager/internal/apps/elasticsearch/plugin.go:272.21,277.4 1 0
github.com/ebogdum/filemanager/internal/apps/elasticsearch/plugin.go:280.2,280.15 1 0
github.com/ebogdum/filemanager/internal/apps/elasticsearch/plugin.go:283.90,287.60 2 0
github.com/ebogdum/filemanager/internal/apps/elasticsearch/plugin.go:287.60,288.39 1 0
github.com/ebogdum/filemanager/internal/apps/elasticsearch/plugin.go:288.39,293.4 1 0
github.com/ebogdum/filemanager/internal/apps/elasticsearch/plugin.go:297.2,297.45 1 0
github.com/ebogdum/filemanager/internal/apps/elasticsearch/plugin.go:297.45,299.31 2 0
github.com/ebogdum/filemanager/internal/apps/elasticsearch/plugin.go:300.12,301.12 1 0
github.com/ebogdum/filemanager/internal/apps/elasticsearch/plugin.go:302.16,303.17 1 0
github.com/ebogdum/filemanager/internal/apps/elasticsearch/plugin.go:304.15,306.28 1 0
github.com/ebogdum/filemanager/internal/apps/elasticsearch/plugin.go:306.28,311.5 1 0
github.com/ebogdum/filemanager/internal/apps/elasticsearch/plugin.go:313.3,313.45 1 0
github.com/ebogdum/filemanager/internal/apps/elasticsearch/plugin.go:313.45,318.4 1 0
github.com/ebogdum/filemanager/internal/apps/elasticsearch/plugin.go:322.2,322.55 1 0
github.com/ebogdum/filemanager/internal/apps/elasticsearch/plugin.go:322.55,324.36 2 0
github.com/ebogdum/filemanager/internal/apps/elasticsearch/plugin.go:325.12,326.12 1 0
github.com/ebogdum/filemanager/internal/apps/elasticsearch/plugin.go:327.16,328.17 1 0
github.com/ebogdum/filemanager/internal/apps/elasticsearch/plugin.go:329.15,330.28 1 0
github.com/ebogdum/filemanager/internal/apps/elasticsearch/plugin.go:330.28,335.5 1 0
github.com/ebogdum/filemanager/internal/apps/elasticsearch/plugin.go:337.3,337.45 1 0
github.com/ebogdum/filemanager/internal/apps/elasticsearch/plugin.go:337.45,342.4 1 0
github.com/ebogdum/filemanager/internal/apps/elasticsearch/plugin.go:346.2,346.60 1 0
github.com/ebogdum/filemanager/internal/apps/elasticsearch/plugin.go:346.60,347.87 1 0
github.com/ebogdum/filemanager/internal/apps/elasticsearch/plugin.go:347.87,352.4 1 0
github.com/ebogdum/filemanager/internal/apps/elasticsearch/plugin.go:355.2,355.15 1 0
github.com/ebogdum/filemanager/internal/apps/elasticsearch/plugin.go:358.92,362.65 2 0
github.com/ebogdum/filemanager/internal/apps/elasticsearch/plugin.go:362.65,363.34 1 0
github.com/ebogdum/filemanager/internal/apps/elasticsearch/plugin.go:363.34,364.40 1 0
github.com/ebogdum/filemanager/internal/apps/elasticsearch/plugin.go:364.40,365.34 1 0
github.com/ebogdum/filemanager/internal/apps/elasticsearch/plugin.go:365.34,370.6 1 0
github.com/ebogdum/filemanager/internal/apps/elasticsearch/plugin.go:376.2,376.64 1 0
github.com/ebogdum/filemanager/internal/apps/elasticsearch/plugin.go:376.64,379.33 3 0
github.com/ebogdum/filemanager/internal/apps/elasticsearch/plugin.go:379.33,380.27 1 0
github.com/ebogdum/filemanager/internal/apps/elasticsearch/plugin.go:380.27,382.10 2 0
github.com/ebogdum/filemanager/internal/apps/elasticsearch/plugin.go:385.3,385.13 1 0
github.com/ebogdum/filemanager/internal/apps/elasticsearch/plugin.go:385.13,390.4 1 0
github.com/ebogdum/filemanager/internal/apps/elasticsearch/plugin.go:393.3,393.37 1 0
github.com/ebogdum/filemanager/internal/apps/elasticsearch/plugin.go:393.37,398.4 1 0
github.com/ebogdum/filemanager/internal/apps/elasticsearch/plugin.go:402.2,404.49 3 0
github.com/ebogdum/filemanager/internal/apps/elasticsearch/plugin.go:404.49,406.3 1 0
github.com/ebogdum/filemanager/internal/apps/elasticsearch/plugin.go:407.2,407.57 1 0
github.com/ebogdum/filemanager/internal/apps/elasticsearch/plugin.go:407.57,409.3 1 0
github.com/ebogdum/filemanager/internal/apps/elasticsearch/plugin.go:412.2,412.40 1 0
github.com/ebogdum/filemanager/internal/apps/elasticsearch/plugin.go:412.40,417.3 1 0
github.com/ebogdum/filemanager/internal/apps/elasticsearch/plugin.go:419.2,419.15 1 0
github.com/ebogdum/filemanager/internal/apps/elasticsearch/plugin.go:422.88,426.72 2 0
github.com/ebogdum/filemanager/internal/apps/elasticsearch/plugin.go:426.72,427.23 1 0
github.com/ebogdum/filemanager/internal/apps/elasticsearch/plugin.go:427.23,432.4 1 0
github.com/ebogdum/filemanager/internal/apps/elasticsearch/plugin.go:433.8,439.3 1 0
github.com/ebogdum/filemanager/internal/apps/elasticsearch/plugin.go:442.2,442.99 1 0
github.com/ebogdum/filemanager/internal/apps/elasticsearch/plugin.go:442.99,444.73 1 0
github.com/ebogdum/filemanager/internal/apps/elasticsearch/plugin.go:444.73,445.64 1 0
github.com/ebogdum/filemanager/internal/apps/elasticsearch/plugin.go:445.64,450.5 1 0
github.com/ebogdum/filemanager/internal/apps/elasticsearch/plugin.go:455.2,455.84 1 0
github.com/ebogdum/filemanager/internal/apps/elasticsearch/plugin.go:455.84,457.68 1 0
github.com/ebogdum/filemanager/internal/apps/elasticsearch/plugin.go:457.68,458.59 1 0
github.com/ebogdum/filemanager/internal/apps/elasticsearch/plugin.go:458.59,463.5 1 0
github.com/ebogdum/filemanager/internal/apps/elasticsearch/plugin.go:468.2,468.97 1 0
github.com/ebogdum/filemanager/internal/apps/elasticsearch/plugin.go:468.97,470.66 1 0
github.com/ebogdum/filemanager/internal/apps/elasticsearch/plugin.go:470.66,475.4 1 0
github.com/ebogdum/filemanager/internal/apps/elasticsearch/plugin.go:478.2,478.15 1 0
github.com/ebogdum/filemanager/internal/apps/elasticsearch/plugin.go:482.81,486.9 3 0
github.com/ebogdum/filemanager/internal/apps/elasticsearch/plugin.go:486.9,488.3 1 0
github.com/ebogdum/filemanager/internal/apps/elasticsearch/plugin.go:490.2,496.102 3 0
github.com/ebogdum/filemanager/internal/apps/elasticsearch/plugin.go:496.102,498.3 1 0
github.com/ebogdum/filemanager/internal/apps/elasticsearch/plugin.go:501.2,501.96 1 0
github.com/ebogdum/filemanager/internal/apps/elasticsearch/plugin.go:501.96,503.3 1 0
github.com/ebogdum/filemanager/internal/apps/elasticsearch/plugin.go:506.2,506.94 1 0
github.com/ebogdum/filemanager/internal/apps/elasticsearch/plugin.go:506.94,508.3 1 0
github.com/ebogdum/filemanager/internal/apps/elasticsearch/plugin.go:510.2,510.19 1 0
github.com/ebogdum/filemanager/internal/apps/elasticsearch/plugin.go:510.19,515.3 1 0
github.com/ebogdum/filemanager/internal/apps/elasticsearch/plugin.go:518.2,518.81 1 0
github.com/ebogdum/filemanager/internal/apps/elasticsearch/plugin.go:518.81,523.3 1 0
github.com/ebogdum/filemanager/internal/apps/elasticsearch/plugin.go:525.2,525.20 1 0
github.com/ebogdum/filemanager/internal/apps/elasticsearch/plugin.go:529.53,532.2 1 0
github.com/ebogdum/filemanager/internal/apps/elasticsearch/plugin.go:535.55,537.2 1 0
github.com/ebogdum/filemanager/internal/apps/elasticsearch/plugin.go:540.55,542.54 2 0
github.com/ebogdum/filemanager/internal/apps/elasticsearch/plugin.go:542.54,544.3 1 0
github.com/ebogdum/filemanager/internal/apps/elasticsearch/plugin.go:545.2,545.20 1 0
github.com/ebogdum/filemanager/internal/apps/elasticsearch/plugin.go:549.56,551.2 1 0
github.com/ebogdum/filemanager/internal/apps/elasticsearch/plugin.go:554.62,556.2 1 0
github.com/ebogdum/filemanager/internal/apps/elasticsearch/plugin.go:561.58,565.2 3 0
github.com/ebogdum/filemanager/internal/apps/elasticsearch/plugin.go:567.90,568.33 1 0
github.com/ebogdum/filemanager/internal/apps/elasticsearch/plugin.go:568.33,570.19 2 0
github.com/ebogdum/filemanager/internal/apps/elasticsearch/plugin.go:570.19,572.4 1 0
github.com/ebogdum/filemanager/internal/apps/elasticsearch/plugin.go:574.3,574.28 1 0
github.com/ebogdum/filemanager/internal/apps/elasticsearch/plugin.go:575.23,576.46 1 0
github.com/ebogdum/filemanager/internal/apps/elasticsearch/plugin.go:577.11,578.23 1 0
github.com/ebogdum/filemanager/internal/apps/elasticsearch/plugin.go:583.43,587.2 2 0
github.com/ebogdum/filemanager/internal/apps/elasticsearch/plugin.go:589.45,593.2 2 0
github.com/ebogdum/filemanager/internal/apps/elasticsearch/plugin.go:595.43,601.34 2 0
github.com/ebogdum/filemanager/internal/apps/elasticsearch/plugin.go:601.34,602.17 1 0
github.com/ebogdum/filemanager/internal/apps/elasticsearch/plugin.go:602.17,604.4 1 0
github.com/ebogdum/filemanager/internal/apps/elasticsearch/plugin.go:608.2,608.66 1 0
github.com/ebogdum/filemanager/internal/apps/elasticsearch/plugin.go:608.66,610.3 1 0
github.com/ebogdum/filemanager/internal/apps/elasticsearch/plugin.go:613.2,613.30 1 0
github.com/ebogdum/filemanager/internal/apps/elasticsearch/plugin.go:613.30,615.3 1 0
github.com/ebogdum/filemanager/internal/apps/elasticsearch/plugin.go:618.2,618.30 1 0
github.com/ebogdum/filemanager/internal/apps/elasticsearch/plugin.go:621.44,625.2 2 0
github.com/ebogdum/filemanager/internal/apps/elasticsearch/plugin.go:627.46,631.2 2 0
github.com/ebogdum/filemanager/internal/apps/elasticsearch/plugin.go:633.40,635.33 1 0
github.com/ebogdum/filemanager/internal/apps/elasticsearch/plugin.go:635.33,637.17 2 0
github.com/ebogdum/filemanager/internal/apps/elasticsearch/plugin.go:637.17,639.4 1 0
github.com/ebogdum/filemanager/internal/apps/elasticsearch/plugin.go:640.3,640.29 1 0
github.com/ebogdum/filemanager/internal/apps/elasticsearch/plugin.go:640.29,642.4 1 0
github.com/ebogdum/filemanager/internal/apps/elasticsearch/plugin.go:643.3,643.29 1 0
github.com/ebogdum/filemanager/internal/apps/elasticsearch/plugin.go:645.2,645.33 1 0
github.com/ebogdum/filemanager/internal/apps/grafana/plugin.go:20.20,22.2 1 0
github.com/ebogdum/filemanager/internal/apps/grafana/plugin.go:28.32,30.2 1 0
github.com/ebogdum/filemanager/internal/apps/grafana/plugin.go:33.35,35.2 1 0
github.com/ebogdum/filemanager/internal/apps/grafana/plugin.go:38.39,40.2 1 0
github.com/ebogdum/filemanager/internal/apps/grafana/plugin.go:43.40,45.2 1 0
github.com/ebogdum/filemanager/internal/apps/grafana/plugin.go:48.44,115.2 1 0
github.com/ebogdum/filemanager/internal/apps/grafana/plugin.go:118.38,140.2 1 0
github.com/ebogdum/filemanager/internal/apps/grafana/plugin.go:143.73,147.9 3 0
github.com/ebogdum/filemanager/internal/apps/grafana/plugin.go:147.9,149.3 1 0
github.com/ebogdum/filemanager/internal/apps/grafana/plugin.go:152.2,152.38 1 0
github.com/ebogdum/filemanager/internal/apps/grafana/plugin.go:152.38,157.3 1 0
github.com/ebogdum/filemanager/internal/apps/grafana/plugin.go:160.2,160.46 1 0
github.com/ebogdum/filemanager/internal/apps/grafana/plugin.go:160.46,161.23 1 0
github.com/ebogdum/filemanager/internal/apps/grafana/plugin.go:161.23,166.4 1 0
github.com/ebogdum/filemanager/internal/apps/grafana/plugin.go:170.2,170.51 1 0
github.com/ebogdum/filemanager/internal/apps/grafana/plugin.go:170.51,172.3 1 0
github.com/ebogdum/filemanager/internal/apps/grafana/plugin.go:175.2,175.68 1 0
github.com/ebogdum/filemanager/internal/apps/grafana/plugin.go:175.68,177.3 1 0
github.com/ebogdum/filemanager/internal/apps/grafana/plugin.go:180.2,180.61 1 0
github.com/ebogdum/filemanager/internal/apps/grafana/plugin.go:180.61,182.3 1 0
github.com/ebogdum/filemanager/internal/apps/grafana/plugin.go:185.2,185.71 1 0
github.com/ebogdum/filemanager/internal/apps/grafana/plugin.go:185.71,186.39 1 0
github.com/ebogdum/filemanager/internal/apps/grafana/plugin.go:186.39,191.4 1 0
github.com/ebogdum/filemanager/internal/apps/grafana/plugin.go:195.2,195.57 1 0
github.com/ebogdum/filemanager/internal/apps/grafana/plugin.go:195.57,197.36 2 0
github.com/ebogdum/filemanager/internal/apps/grafana/plugin.go:198.12,199.15 1 0
github.com/ebogdum/filemanager/internal/apps/grafana/plugin.go:200.16,201.20 1 0
github.com/ebogdum/filemanager/internal/apps/grafana/plugin.go:203.3,203.18 1 0
github.com/ebogdum/filemanager/internal/apps/grafana/plugin.go:203.18,208.4 1 0
github.com/ebogdum/filemanager/internal/apps/grafana/plugin.go:211.2,211.20 1 0
github.com/ebogdum/filemanager/internal/apps/grafana/plugin.go:214.72,219.31 4 0
github.com/ebogdum/filemanager/internal/apps/grafana/plugin.go:219.31,221.10 2 0
github.com/ebogdum/filemanager/internal/apps/grafana/plugin.go:221.10,226.12 2 0
github.com/ebogdum/filemanager/internal/apps/grafana/plugin.go:230.3,230.35 1 0
github.com/ebogdum/filemanager/internal/apps/grafana/plugin.go:230.35,232.26 2 0
github.com/ebogdum/filemanager/internal/apps/grafana/plugin.go:233.13,234.16 1 0
github.com/ebogdum/filemanager/internal/apps/grafana/plugin.go:235.17,236.21 1 0
github.com/ebogdum/filemanager/internal/apps/grafana/plugin.go:238.4,238.24 1 0
github.com/ebogdum/filemanager/internal/apps/grafana/plugin.go:238.24,243.5 1 0
github.com/ebogdum/filemanager/internal/apps/grafana/plugin.go:244.4,244.27 1 0
github.com/ebogdum/filemanager/internal/apps/grafana/plugin.go:248.3,248.53 1 0
github.com/ebogdum/filemanager/internal/apps/grafana/plugin.go:248.53,249.36 1 0
github.com/ebogdum/filemanager/internal/apps/grafana/plugin.go:249.36,254.5 1 0
github.com/ebogdum/filemanager/internal/apps/grafana/plugin.go:255.9,260.4 1 0
github.com/ebogdum/filemanager/internal/apps/grafana/plugin.go:263.3,263.38 1 0
github.com/ebogdum/filemanager/internal/apps/grafana/plugin.go:263.38,268.4 1 0
github.com/ebogdum/filemanager/internal/apps/grafana/plugin.go:271.3,271.62 1 0
github.com/ebogdum/filemanager/internal/apps/grafana/plugin.go:271.62,273.4 1 0
github.com/ebogdum/filemanager/internal/apps/grafana/plugin.go:276.3,276.53 1 0
github.com/ebogdum/filemanager/internal/apps/grafana/plugin.go:276.53,278.4 1 0
github.com/ebogdum/filemanager/internal/apps/grafana/plugin.go:281.2,281.15 1 0
github.com/ebogdum/filemanager/internal/apps/grafana/plugin.go:284.125,290.31 3 0
github.com/ebogdum/filemanager/internal/apps/grafana/plugin.go:290.31,291.26 1 0
github.com/ebogdum/filemanager/internal/apps/grafana/plugin.go:292.12,293.11 1 0
github.com/ebogdum/filemanager/internal/apps/grafana/plugin.go:294.16,295.16 1 0
github.com/ebogdum/filemanager/internal/apps/grafana/plugin.go:298.2,298.31 1 0
github.com/ebogdum/filemanager/internal/apps/grafana/plugin.go:298.31,299.26 1 0
github.com/ebogdum/filemanager/internal/apps/grafana/plugin.go:300.12,301.11 1 0
github.com/ebogdum/filemanager/internal/apps/grafana/plugin.go:302.16,303.16 1 0
github.com/ebogdum/filemanager/internal/apps/grafana/plugin.go:306.2,306.31 1 0
github.com/ebogdum/filemanager/internal/apps/grafana/plugin.go:306.31,307.26 1 0
github.com/ebogdum/filemanager/internal/apps/grafana/plugin.go:308.12,309.11 1 0
github.com/ebogdum/filemanager/internal/apps/grafana/plugin.go:310.16,311.16 1 0
github.com/ebogdum/filemanager/internal/apps/grafana/plugin.go:314.2,314.31 1 0
github.com/ebogdum/filemanager/internal/apps/grafana/plugin.go:314.31,315.26 1 0
github.com/ebogdum/filemanager/internal/apps/grafana/plugin.go:316.12,317.11 1 0
github.com/ebogdum/filemanager/internal/apps/grafana/plugin.go:318.16,319.16 1 0
github.com/ebogdum/filemanager/internal/apps/grafana/plugin.go:324.2,324.22 1 0
github.com/ebogdum/filemanager/internal/apps/grafana/plugin.go:324.22,329.3 1 0
github.com/ebogdum/filemanager/internal/apps/grafana/plugin.go:331.2,331.12 1 0
github.com/ebogdum/filemanager/internal/apps/grafana/plugin.go:331.12,336.3 1 0
github.com/ebogdum/filemanager/internal/apps/grafana/plugin.go:338.2,338.22 1 0
github.com/ebogdum/filemanager/internal/apps/grafana/plugin.go:338.22,343.3 1 0
github.com/ebogdum/filemanager/internal/apps/grafana/plugin.go:345.2,345.11 1 0
github.com/ebogdum/filemanager/internal/apps/grafana/plugin.go:345.11,350.3 1 0
github.com/ebogdum/filemanager/internal/apps/grafana/plugin.go:353.2,353.14 1 0
github.com/ebogdum/filemanager/internal/apps/grafana/plugin.go:353.14,358.3 1 0
github.com/ebogdum/filemanager/internal/apps/grafana/plugin.go:361.2,361.30 1 0
github.com/ebogdum/filemanager/internal/apps/grafana/plugin.go:361.30,362.31 1 0
github.com/ebogdum/filemanager/internal/apps/grafana/plugin.go:362.31,364.55 2 0
github.com/ebogdum/filemanager/internal/apps/grafana/plugin.go:364.55,369.5 1 0
github.com/ebogdum/filemanager/internal/apps/grafana/plugin.go:370.4,370.31 1 0
github.com/ebogdum/filemanager/internal/apps/grafana/plugin.go:374.2,374.15 1 0
github.com/ebogdum/filemanager/internal/apps/grafana/plugin.go:377.90,380.33 2 0
github.com/ebogdum/filemanager/internal/apps/grafana/plugin.go:380.33,382.10 2 0
github.com/ebogdum/filemanager/internal/apps/grafana/plugin.go:382.10,387.12 2 0
github.com/ebogdum/filemanager/internal/apps/grafana/plugin.go:391.3,391.51 1 0
github.com/ebogdum/filemanager/internal/apps/grafana/plugin.go:391.51,392.19 1 0
github.com/ebogdum/filemanager/internal/apps/grafana/plugin.go:392.19,397.5 1 0
github.com/ebogdum/filemanager/internal/apps/grafana/plugin.go:401.3,401.61 1 0
github.com/ebogdum/filemanager/internal/apps/grafana/plugin.go:401.61,402.61 1 0
github.com/ebogdum/filemanager/internal/apps/grafana/plugin.go:402.61,407.5 1 0
github.com/ebogdum/filemanager/internal/apps/grafana/plugin.go:411.2,411.15 1 0
github.com/ebogdum/filemanager/internal/apps/grafana/plugin.go:414.89,417.48 2 0
github.com/ebogdum/filemanager/internal/apps/grafana/plugin.go:417.48,420.33 2 0
github.com/ebogdum/filemanager/internal/apps/grafana/plugin.go:420.33,422.4 1 0
github.com/ebogdum/filemanager/internal/apps/grafana/plugin.go:425.2,425.15 1 0
github.com/ebogdum/filemanager/internal/apps/grafana/plugin.go:428.110,430.9 2 0
github.com/ebogdum/filemanager/internal/apps/grafana/plugin.go:430.9,435.3 1 0
github.com/ebogdum/filemanager/internal/apps/grafana/plugin.go:437.2,441.15 5 0
github.com/ebogdum/filemanager/internal/apps/grafana/plugin.go:444.122,445.23 1 0
github.com/ebogdum/filemanager/internal/apps/grafana/plugin.go:445.23,450.3 1 0
github.com/ebogdum/filemanager/internal/apps/grafana/plugin.go:452.2,453.21 2 0
github.com/ebogdum/filemanager/internal/apps/grafana/plugin.go:453.21,458.3 1 0
github.com/ebogdum/filemanager/internal/apps/grafana/plugin.go:459.2,461.32 2 0
github.com/ebogdum/filemanager/internal/apps/grafana/plugin.go:461.32,466.3 1 0
github.com/ebogdum/filemanager/internal/apps/grafana/plugin.go:467.2,467.15 1 0
github.com/ebogdum/filemanager/internal/apps/grafana/plugin.go:470.96,472.9 2 0
github.com/ebogdum/filemanager/internal/apps/grafana/plugin.go:472.9,474.3 1 0
github.com/ebogdum/filemanager/internal/apps/grafana/plugin.go:475.2,475.115 1 0
github.com/ebogdum/filemanager/internal/apps/grafana/plugin.go:475.115,477.3 1 0
github.com/ebogdum/filemanager/internal/apps/grafana/plugin.go:478.2,481.4 1 0
github.com/ebogdum/filemanager/internal/apps/grafana/plugin.go:484.87,488.48 2 0
github.com/ebogdum/filemanager/internal/apps/grafana/plugin.go:488.48,489.30 1 0
github.com/ebogdum/filemanager/internal/apps/grafana/plugin.go:489.30,494.4 1 0
github.com/ebogdum/filemanager/internal/apps/grafana/plugin.go:498.2,498.44 1 0
github.com/ebogdum/filemanager/internal/apps/grafana/plugin.go:498.44,499.28 1 0
github.com/ebogdum/filemanager/internal/apps/grafana/plugin.go:499.28,504.4 1 0
github.com/ebogdum/filemanager/internal/apps/grafana/plugin.go:507.2,507.15 1 0
github.com/ebogdum/filemanager/internal/apps/grafana/plugin.go:511.81,515.9 3 0
github.com/ebogdum/filemanager/internal/apps/grafana/plugin.go:515.9,517.3 1 0
github.com/ebogdum/filemanager/internal/apps/grafana/plugin.go:519.2,522.20 4 0
github.com/ebogdum/filemanager/internal/apps/grafana/plugin.go:525.80,526.71 1 0
github.com/ebogdum/filemanager/internal/apps/grafana/plugin.go:526.71,528.3 1 0
github.com/ebogdum/filemanager/internal/apps/grafana/plugin.go:529.2,529.12 1 0
github.com/ebogdum/filemanager/internal/apps/grafana/plugin.go:532.78,533.35 1 0
github.com/ebogdum/filemanager/internal/apps/grafana/plugin.go:533.35,535.3 1 0
github.com/ebogdum/filemanager/internal/apps/grafana/plugin.go:536.2,536.108 1 0
github.com/ebogdum/filemanager/internal/apps/grafana/plugin.go:539.82,541.9 2 0
github.com/ebogdum/filemanager/internal/apps/grafana/plugin.go:541.9,543.3 1 0
github.com/ebogdum/filemanager/internal/apps/grafana/plugin.go:544.2,545.31 2 0
github.com/ebogdum/filemanager/internal/apps/grafana/plugin.go:545.31,547.10 2 0
github.com/ebogdum/filemanager/internal/apps/grafana/plugin.go:547.10,548.12 1 0
github.com/ebogdum/filemanager/internal/apps/grafana/plugin.go:550.3,550.74 1 0
github.com/ebogdum/filemanager/internal/apps/grafana/plugin.go:552.2,552.15 1 0
github.com/ebogdum/filemanager/internal/apps/grafana/plugin.go:555.103,557.30 2 0
github.com/ebogdum/filemanager/internal/apps/grafana/plugin.go:557.30,559.3 1 0
github.com/ebogdum/filemanager/internal/apps/grafana/plugin.go:560.2,562.33 3 0
github.com/ebogdum/filemanager/internal/apps/grafana/plugin.go:562.33,564.10 2 0
github.com/ebogdum/filemanager/internal/apps/grafana/plugin.go:564.10,565.12 1 0
github.com/ebogdum/filemanager/internal/apps/grafana/plugin.go:567.3,567.68 1 0
github.com/ebogdum/filemanager/internal/apps/grafana/plugin.go:567.68,572.4 1 0
github.com/ebogdum/filemanager/internal/apps/grafana/plugin.go:574.2,574.15 1 0
github.com/ebogdum/filemanager/internal/apps/grafana/plugin.go:577.57,578.36 1 0
github.com/ebogdum/filemanager/internal/apps/grafana/plugin.go:578.36,579.25 1 0
github.com/ebogdum/filemanager/internal/apps/grafana/plugin.go:579.25,581.4 1 0
github.com/ebogdum/filemanager/internal/apps/grafana/plugin.go:583.2,583.14 1 0
github.com/ebogdum/filemanager/internal/apps/grafana/plugin.go:587.53,589.9 2 0
github.com/ebogdum/filemanager/internal/apps/grafana/plugin.go:589.9,591.3 1 0
github.com/ebogdum/filemanager/internal/apps/grafana/plugin.go:594.2,594.46 1 0
github.com/ebogdum/filemanager/internal/apps/grafana/plugin.go:594.46,596.3 1 0
github.com/ebogdum/filemanager/internal/apps/grafana/plugin.go:599.2,599.39 1 0
github.com/ebogdum/filemanager/internal/apps/grafana/plugin.go:599.39,601.3 1 0
github.com/ebogdum/filemanager/internal/apps/grafana/plugin.go:603.2,603.43 1 0
github.com/ebogdum/filemanager/internal/apps/grafana/plugin.go:603.43,605.3 1 0
github.com/ebogdum/filemanager/internal/apps/grafana/plugin.go:607.2,607.44 1 0
github.com/ebogdum/filemanager/internal/apps/grafana/plugin.go:607.44,609.3 1 0
github.com/ebogdum/filemanager/internal/apps/grafana/plugin.go:611.2,611.23 1 0
github.com/ebogdum/filemanager/internal/apps/grafana/plugin.go:615.55,617.2 1 0
github.com/ebogdum/filemanager/internal/apps/grafana/plugin.go:620.55,622.54 2 0
github.com/ebogdum/filemanager/internal/apps/grafana/plugin.go:622.54,624.3 1 0
github.com/ebogdum/filemanager/internal/apps/grafana/plugin.go:625.2,625.20 1 0
github.com/ebogdum/filemanager/internal/apps/grafana/plugin.go:629.56,631.2 1 0
github.com/ebogdum/filemanager/internal/apps/grafana/plugin.go:634.62,636.2 1 0
github.com/ebogdum/filemanager/internal/apps/grafana/plugin.go:640.34,644.2 2 0
github.com/ebogdum/filemanager/internal/apps/grafana/plugin.go:646.46,654.32 2 0
github.com/ebogdum/filemanager/internal/apps/grafana/plugin.go:654.32,655.22 1 0
github.com/ebogdum/filemanager/internal/apps/grafana/plugin.go:655.22,657.4 1 0
github.com/ebogdum/filemanager/internal/apps/grafana/plugin.go:659.2,659.14 1 0
github.com/ebogdum/filemanager/internal/apps/grafana/plugin.go:662.50,664.61 1 0
github.com/ebogdum/filemanager/internal/apps/grafana/plugin.go:664.61,666.3 1 0
github.com/ebogdum/filemanager/internal/apps/grafana/plugin.go:668.2,669.36 2 0
github.com/ebogdum/filemanager/internal/apps/grafana/plugin.go:669.36,670.20 1 0
github.com/ebogdum/filemanager/internal/apps/grafana/plugin.go:670.20,672.4 1 0
github.com/ebogdum/filemanager/internal/apps/grafana/plugin.go:676.2,677.16 2 0
github.com/ebogdum/filemanager/internal/apps/grafana/plugin.go:680.44,683.2 2 0
github.com/ebogdum/filemanager/internal/apps/grafana/plugin.go:685.42,687.20 1 0
github.com/ebogdum/filemanager/internal/apps/grafana/plugin.go:687.20,689.3 1 0
github.com/ebogdum/filemanager/internal/apps/grafana/plugin.go:692.2,693.40 2 0
github.com/ebogdum/filemanager/internal/apps/grafana/plugin.go:693.40,695.3 1 0
github.com/ebogdum/filemanager/internal/apps/grafana/plugin.go:698.2,699.35 2 0
github.com/ebogdum/filemanager/internal/apps/grafana/plugin.go:699.35,701.3 1 0
github.com/ebogdum/filemanager/internal/apps/grafana/plugin.go:704.2,705.37 2 0
github.com/ebogdum/filemanager/internal/apps/grafana/plugin.go:705.37,707.3 1 0
github.com/ebogdum/filemanager/internal/apps/grafana/plugin.go:710.2,711.40 2 0
github.com/ebogdum/filemanager/internal/apps/grafana/plugin.go:711.40,712.40 1 0
github.com/ebogdum/filemanager/internal/apps/grafana/plugin.go:712.40,714.4 1 0
github.com/ebogdum/filemanager/internal/apps/grafana/plugin.go:717.2,717.14 1 0
github.com/ebogdum/filemanager/internal/apps/kubernetes/plugin.go:22.20,24.2 1 0
github.com/ebogdum/filemanager/internal/apps/kubernetes/plugin.go:27.32,29.2 1 0
github.com/ebogdum/filemanager/internal/apps/kubernetes/plugin.go:32.35,34.2 1 0
github.com/ebogdum/filemanager/internal/apps/kubernetes/plugin.go:37.39,39.2 1 0
github.com/ebogdum/filemanager/internal/apps/kubernetes/plugin.go:42.40,44.2 1 0
github.com/ebogdum/filemanager/internal/apps/kubernetes/plugin.go:47.44,89.2 1 0
github.com/ebogdum/filemanager/internal/apps/kubernetes/plugin.go:118.38,157.2 1 0
github.com/ebogdum/filemanager/internal/apps/kubernetes/plugin.go:160.73,164.9 3 0
github.com/ebogdum/filemanager/internal/apps/kubernetes/plugin.go:164.9,166.3 1 0
github.com/ebogdum/filemanager/internal/apps/kubernetes/plugin.go:169.2,170.9 2 0
github.com/ebogdum/filemanager/internal/apps/kubernetes/plugin.go:170.9,175.3 1 0
github.com/ebogdum/filemanager/internal/apps/kubernetes/plugin.go:175.8,177.40 2 0
github.com/ebogdum/filemanager/internal/apps/kubernetes/plugin.go:177.40,182.4 1 0
github.com/ebogdum/filemanager/internal/apps/kubernetes/plugin.go:186.2,187.9 2 0
github.com/ebogdum/filemanager/internal/apps/kubernetes/plugin.go:187.9,192.3 1 0
github.com/ebogdum/filemanager/internal/apps/kubernetes/plugin.go:195.2,195.38 1 0
github.com/ebogdum/filemanager/internal/apps/kubernetes/plugin.go:195.38,199.59 3 0
github.com/ebogdum/filemanager/internal/apps/kubernetes/plugin.go:199.59,201.36 2 0
github.com/ebogdum/filemanager/internal/apps/kubernetes/plugin.go:201.36,202.27 1 0
github.com/ebogdum/filemanager/internal/apps/kubernetes/plugin.go:202.27,204.11 2 0
github.com/ebogdum/filemanager/internal/apps/kubernetes/plugin.go:207.4,207.14 1 0
github.com/ebogdum/filemanager/internal/apps/kubernetes/plugin.go:207.14,212.5 1 0
github.com/ebogdum/filemanager/internal/apps/kubernetes/plugin.go:217.2,218.9 2 0
github.com/ebogdum/filemanager/internal/apps/kubernetes/plugin.go:218.9,223.3 1 0
github.com/ebogdum/filemanager/internal/apps/kubernetes/plugin.go:223.8,226.3 2 0
github.com/ebogdum/filemanager/internal/apps/kubernetes/plugin.go:229.2,229.17 1 0
github.com/ebogdum/filemanager/internal/apps/kubernetes/plugin.go:229.17,233.3 3 0
github.com/ebogdum/filemanager/internal/apps/kubernetes/plugin.go:235.2,235.20 1 0
github.com/ebogdum/filemanager/internal/apps/kubernetes/plugin.go:238.74,242.9 3 0
github.com/ebogdum/filemanager/internal/apps/kubernetes/plugin.go:242.9,244.3 1 0
github.com/ebogdum/filemanager/internal/apps/kubernetes/plugin.go:247.2,248.9 2 0
github.com/ebogdum/filemanager/internal/apps/kubernetes/plugin.go:248.9,253.3 1 0
github.com/ebogdum/filemanager/internal/apps/kubernetes/plugin.go:253.8,255.31 2 0
github.com/ebogdum/filemanager/internal/apps/kubernetes/plugin.go:255.31,260.4 1 0
github.com/ebogdum/filemanager/internal/apps/kubernetes/plugin.go:264.2,264.40 1 0
github.com/ebogdum/filemanager/internal/apps/kubernetes/plugin.go:264.40,266.29 2 0
github.com/ebogdum/filemanager/internal/apps/kubernetes/plugin.go:266.29,271.4 1 0
github.com/ebogdum/filemanager/internal/apps/kubernetes/plugin.go:275.2,275.41 1 0
github.com/ebogdum/filemanager/internal/apps/kubernetes/plugin.go:275.41,278.3 2 0
github.com/ebogdum/filemanager/internal/apps/kubernetes/plugin.go:281.2,281.51 1 0
github.com/ebogdum/filemanager/internal/apps/kubernetes/plugin.go:281.51,284.3 2 0
github.com/ebogdum/filemanager/internal/apps/kubernetes/plugin.go:286.2,286.15 1 0
github.com/ebogdum/filemanager/internal/apps/kubernetes/plugin.go:289.83,293.9 3 0
github.com/ebogdum/filemanager/internal/apps/kubernetes/plugin.go:293.9,295.3 1 0
github.com/ebogdum/filemanager/internal/apps/kubernetes/plugin.go:297.2,297.29 1 0
github.com/ebogdum/filemanager/internal/apps/kubernetes/plugin.go:297.29,299.26 1 0
github.com/ebogdum/filemanager/internal/apps/kubernetes/plugin.go:299.26,304.4 1 0
github.com/ebogdum/filemanager/internal/apps/kubernetes/plugin.go:307.3,308.33 2 0
github.com/ebogdum/filemanager/internal/apps/kubernetes/plugin.go:308.33,313.4 1 0
github.com/ebogdum/filemanager/internal/apps/kubernetes/plugin.go:316.2,316.15 1 0
github.com/ebogdum/filemanager/internal/apps/kubernetes/plugin.go:319.93,323.9 3 0
github.com/ebogdum/filemanager/internal/apps/kubernetes/plugin.go:323.9,325.3 1 0
github.com/ebogdum/filemanager/internal/apps/kubernetes/plugin.go:327.2,327.25 1 0
github.com/ebogdum/filemanager/internal/apps/kubernetes/plugin.go:327.25,329.26 1 0
github.com/ebogdum/filemanager/internal/apps/kubernetes/plugin.go:329.26,334.4 1 0
github.com/ebogdum/filemanager/internal/apps/kubernetes/plugin.go:337.2,337.15 1 0
github.com/ebogdum/filemanager/internal/apps/kubernetes/plugin.go:340.100,343.14 2 0
github.com/ebogdum/filemanager/internal/apps/kubernetes/plugin.go:344.62,345.63 1 0
github.com/ebogdum/filemanager/internal/apps/kubernetes/plugin.go:346.17,347.56 1 0
github.com/ebogdum/filemanager/internal/apps/kubernetes/plugin.go:348.19,349.58 1 0
github.com/ebogdum/filemanager/internal/apps/kubernetes/plugin.go:350.16,351.55 1 0
github.com/ebogdum/filemanager/internal/apps/kubernetes/plugin.go:352.17,353.56 1 0
github.com/ebogdum/filemanager/internal/apps/kubernetes/plugin.go:356.2,356.15 1 0
github.com/ebogdum/filemanager/internal/apps/kubernetes/plugin.go:359.96,361.9 2 0
github.com/ebogdum/filemanager/internal/apps/kubernetes/plugin.go:361.9,363.3 1 0
github.com/ebogdum/filemanager/internal/apps/kubernetes/plugin.go:365.2,368.18 3 0
github.com/ebogdum/filemanager/internal/apps/kubernetes/plugin.go:368.18,373.3 1 0
github.com/ebogdum/filemanager/internal/apps/kubernetes/plugin.go:375.2,376.18 2 0
github.com/ebogdum/filemanager/internal/apps/kubernetes/plugin.go:376.18,382.3 2 0
github.com/ebogdum/filemanager/internal/apps/kubernetes/plugin.go:384.2,384.17 1 0
github.com/ebogdum/filemanager/internal/apps/kubernetes/plugin.go:384.17,386.3 1 0
github.com/ebogdum/filemanager/internal/apps/kubernetes/plugin.go:387.2,389.15 3 0
github.com/ebogdum/filemanager/internal/apps/kubernetes/plugin.go:392.89,396.9 3 0
github.com/ebogdum/filemanager/internal/apps/kubernetes/plugin.go:396.9,398.3 1 0
github.com/ebogdum/filemanager/internal/apps/kubernetes/plugin.go:401.2,401.40 1 0
github.com/ebogdum/filemanager/internal/apps/kubernetes/plugin.go:401.40,406.3 1 0
github.com/ebogdum/filemanager/internal/apps/kubernetes/plugin.go:409.2,409.41 1 0
github.com/ebogdum/filemanager/internal/apps/kubernetes/plugin.go:409.41,414.3 1 0
github.com/ebogdum/filemanager/internal/apps/kubernetes/plugin.go:417.2,417.69 1 0
github.com/ebogdum/filemanager/internal/apps/kubernetes/plugin.go:417.69,419.3 1 0
github.com/ebogdum/filemanager/internal/apps/kubernetes/plugin.go:421.2,421.15 1 0
github.com/ebogdum/filemanager/internal/apps/kubernetes/plugin.go:424.100,430.30 4 0
github.com/ebogdum/filemanager/internal/apps/kubernetes/plugin.go:430.30,432.40 1 0
github.com/ebogdum/filemanager/internal/apps/kubernetes/plugin.go:432.40,433.39 1 0
github.com/ebogdum/filemanager/internal/apps/kubernetes/plugin.go:433.39,436.24 3 0
github.com/ebogdum/filemanager/internal/apps/kubernetes/plugin.go:436.24,441.6 1 0
github.com/ebogdum/filemanager/internal/apps/kubernetes/plugin.go:444.3,444.43 1 0
[...]
github.com/ebogdum/filemanager/internal/resources/upload/resource.go:451.49,453.3 1 0
github.com/ebogdum/filemanager/internal/resources/upload/resource.go:454.2,454.57 1 0
github.com/ebogdum/filemanager/internal/resources/upload/resource.go:458.66,459.39 1 0
github.com/ebogdum/filemanager/internal/resources/upload/resource.go:459.39,461.3 1 0
github.com/ebogdum/filemanager/internal/resources/upload/resource.go:462.2,464.29 3 0
github.com/ebogdum/filemanager/internal/resources/upload/resource.go:464.29,465.41 1 0
github.com/ebogdum/filemanager/internal/resources/upload/resource.go:465.41,467.4 1 0
github.com/ebogdum/filemanager/internal/resources/upload/resource.go:469.2,469.15 1 0
github.com/ebogdum/filemanager/internal/resources/upload/resource.go:473.88,475.23 1 0
github.com/ebogdum/filemanager/internal/resources/upload/resource.go:475.23,477.36 2 0
github.com/ebogdum/filemanager/internal/resources/upload/resource.go:477.36,478.48 1 0
github.com/ebogdum/filemanager/internal/resources/upload/resource.go:478.48,480.10 2 0
github.com/ebogdum/filemanager/internal/resources/upload/resource.go:483.4,483.63 1 0
github.com/ebogdum/filemanager/internal/resources/upload/resource.go:483.63,485.10 2 0
github.com/ebogdum/filemanager/internal/resources/upload/resource.go:488.3,488.15 1 0
github.com/ebogdum/filemanager/internal/resources/upload/resource.go:488.15,490.4 1 0
github.com/ebogdum/filemanager/internal/resources/upload/resource.go:494.2,494.35 1 0
github.com/ebogdum/filemanager/internal/resources/upload/resource.go:494.35,495.47 1 0
github.com/ebogdum/filemanager/internal/resources/upload/resource.go:495.47,497.4 1 0
github.com/ebogdum/filemanager/internal/resources/upload/resource.go:498.3,498.62 1 0
github.com/ebogdum/filemanager/internal/resources/upload/resource.go:498.62,500.4 1 0
github.com/ebogdum/filemanager/internal/resources/upload/resource.go:503.2,503.13 1 0
github.com/ebogdum/filemanager/internal/resources/upload/resource.go:507.96,518.2 8 0
github.com/ebogdum/filemanager/internal/resources/yaml_file/resource.go:37.46,41.2 1 0
github.com/ebogdum/filemanager/internal/resources/yaml_file/resource.go:75.121,77.2 1 0
github.com/ebogdum/filemanager/internal/resources/yaml_file/resource.go:80.115,184.2 1 0
github.com/ebogdum/filemanager/internal/resources/yaml_file/resource.go:187.124,188.29 1 0
github.com/ebogdum/filemanager/internal/resources/yaml_file/resource.go:188.29,190.3 1 0
github.com/ebogdum/filemanager/internal/resources/yaml_file/resource.go:192.2,193.9 2 0
github.com/ebogdum/filemanager/internal/resources/yaml_file/resource.go:193.9,199.3 2 0
github.com/ebogdum/filemanager/internal/resources/yaml_file/resource.go:201.2,201.19 1 0
github.com/ebogdum/filemanager/internal/resources/yaml_file/resource.go:205.115,209.33 3 0
github.com/ebogdum/filemanager/internal/resources/yaml_file/resource.go:209.33,211.3 1 0
github.com/ebogdum/filemanager/internal/resources/yaml_file/resource.go:213.2,219.16 3 0
github.com/ebogdum/filemanager/internal/resources/yaml_file/resource.go:219.16,222.3 2 0
github.com/ebogdum/filemanager/internal/resources/yaml_file/resource.go:225.2,226.16 2 0
github.com/ebogdum/filemanager/internal/resources/yaml_file/resource.go:226.16,229.3 2 0
github.com/ebogdum/filemanager/internal/resources/yaml_file/resource.go:232.2,240.115 2 0
github.com/ebogdum/filemanager/internal/resources/yaml_file/resource.go:240.115,243.3 2 0
github.com/ebogdum/filemanager/internal/resources/yaml_file/resource.go:246.2,249.56 3 0
github.com/ebogdum/filemanager/internal/resources/yaml_file/resource.go:253.109,257.33 3 0
github.com/ebogdum/filemanager/internal/resources/yaml_file/resource.go:257.33,259.3 1 0
github.com/ebogdum/filemanager/internal/resources/yaml_file/resource.go:261.2,262.16 2 0
github.com/ebogdum/filemanager/internal/resources/yaml_file/resource.go:262.16,265.3 2 0
github.com/ebogdum/filemanager/internal/resources/yaml_file/resource.go:267.2,268.16 2 0
github.com/ebogdum/filemanager/internal/resources/yaml_file/resource.go:268.16,271.3 2 0
github.com/ebogdum/filemanager/internal/resources/yaml_file/resource.go:273.2,273.13 1 0
github.com/ebogdum/filemanager/internal/resources/yaml_file/resource.go:273.13,276.3 2 0
github.com/ebogdum/filemanager/internal/resources/yaml_file/resource.go:278.2,279.16 2 0
github.com/ebogdum/filemanager/internal/resources/yaml_file/resource.go:279.16,282.3 2 0
github.com/ebogdum/filemanager/internal/resources/yaml_file/resource.go:283.2,286.16 3 0
github.com/ebogdum/filemanager/internal/resources/yaml_file/resource.go:286.16,289.3 2 0
github.com/ebogdum/filemanager/internal/resources/yaml_file/resource.go:291.2,293.56 2 0
github.com/ebogdum/filemanager/internal/resources/yaml_file/resource.go:297.115,301.33 3 0
github.com/ebogdum/filemanager/internal/resources/yaml_file/resource.go:301.33,303.3 1 0
github.com/ebogdum/filemanager/internal/resources/yaml_file/resource.go:305.2,310.16 3 0
github.com/ebogdum/filemanager/internal/resources/yaml_file/resource.go:310.16,313.3 2 0
github.com/ebogdum/filemanager/internal/resources/yaml_file/resource.go:315.2,316.16 2 0
github.com/ebogdum/filemanager/internal/resources/yaml_file/resource.go:316.16,319.3 2 0
github.com/ebogdum/filemanager/internal/resources/yaml_file/resource.go:321.2,329.115 2 0
github.com/ebogdum/filemanager/internal/resources/yaml_file/resource.go:329.115,332.3 2 0
github.com/ebogdum/filemanager/internal/resources/yaml_file/resource.go:334.2,336.56 2 0
github.com/ebogdum/filemanager/internal/resources/yaml_file/resource.go:340.115,344.33 3 0
github.com/ebogdum/filemanager/internal/resources/yaml_file/resource.go:344.33,346.3 1 0
github.com/ebogdum/filemanager/internal/resources/yaml_file/resource.go:348.2,349.16 2 0
github.com/ebogdum/filemanager/internal/resources/yaml_file/resource.go:349.16,352.3 2 0
github.com/ebogdum/filemanager/internal/resources/yaml_file/resource.go:354.2,354.69 1 0
github.com/ebogdum/filemanager/internal/resources/yaml_file/resource.go:354.69,355.36 1 0
github.com/ebogdum/filemanager/internal/resources/yaml_file/resource.go:355.36,358.4 2 0
github.com/ebogdum/filemanager/internal/resources/yaml_file/resource.go:363.130,365.2 1 0
github.com/ebogdum/filemanager/internal/resources/yaml_file/resource.go:368.110,371.16 2 0
github.com/ebogdum/filemanager/internal/resources/yaml_file/resource.go:371.16,373.3 1 0
github.com/ebogdum/filemanager/internal/resources/yaml_file/resource.go:376.2,376.99 1 0
github.com/ebogdum/filemanager/internal/resources/yaml_file/resource.go:376.99,378.17 2 0
github.com/ebogdum/filemanager/internal/resources/yaml_file/resource.go:378.17,380.4 1 0
github.com/ebogdum/filemanager/internal/resources/yaml_file/resource.go:382.3,384.17 3 0
github.com/ebogdum/filemanager/internal/resources/yaml_file/resource.go:384.17,386.4 1 0
github.com/ebogdum/filemanager/internal/resources/yaml_file/resource.go:390.2,395.42 2 0
github.com/ebogdum/filemanager/internal/resources/yaml_file/resource.go:399.104,400.49 1 0
github.com/ebogdum/filemanager/internal/resources/yaml_file/resource.go:400.49,402.3 1 0
github.com/ebogdum/filemanager/internal/resources/yaml_file/resource.go:403.2,403.57 1 0
github.com/ebogdum/filemanager/internal/resources/yaml_file/resource.go:407.94,422.2 10 0
github.com/ebogdum/filemanager/internal/resources/transfer/resource.go:35.46,37.2 1 0
github.com/ebogdum/filemanager/internal/resources/transfer/resource.go:77.121,79.2 1 0
github.com/ebogdum/filemanager/internal/resources/transfer/resource.go:82.115,221.2 1 0
github.com/ebogdum/filemanager/internal/resources/transfer/resource.go:224.124,225.29 1 0
github.com/ebogdum/filemanager/internal/resources/transfer/resource.go:225.29,227.3 1 0
github.com/ebogdum/filemanager/internal/resources/transfer/resource.go:229.2,230.9 2 0
github.com/ebogdum/filemanager/internal/resources/transfer/resource.go:230.9,236.3 2 0
github.com/ebogdum/filemanager/internal/resources/transfer/resource.go:238.2,238.19 1 0
github.com/ebogdum/filemanager/internal/resources/transfer/resource.go:242.115,246.33 3 0
github.com/ebogdum/filemanager/internal/resources/transfer/resource.go:246.33,248.3 1 0
github.com/ebogdum/filemanager/internal/resources/transfer/resource.go:250.2,258.16 3 0
github.com/ebogdum/filemanager/internal/resources/transfer/resource.go:258.16,261.3 2 0
github.com/ebogdum/filemanager/internal/resources/transfer/resource.go:263.2,268.56 3 0
github.com/ebogdum/filemanager/internal/resources/transfer/resource.go:272.109,276.33 3 0
github.com/ebogdum/filemanager/internal/resources/transfer/resource.go:276.33,278.3 1 0
github.com/ebogdum/filemanager/internal/resources/transfer/resource.go:281.2,282.16 2 0
github.com/ebogdum/filemanager/internal/resources/transfer/resource.go:282.16,285.3 2 0
github.com/ebogdum/filemanager/internal/resources/transfer/resource.go:287.2,288.16 2 0
github.com/ebogdum/filemanager/internal/resources/transfer/resource.go:288.16,291.3 2 0
github.com/ebogdum/filemanager/internal/resources/transfer/resource.go:293.2,293.13 1 0
github.com/ebogdum/filemanager/internal/resources/transfer/resource.go:293.13,296.3 2 0
github.com/ebogdum/filemanager/internal/resources/transfer/resource.go:299.2,305.56 6 0
github.com/ebogdum/filemanager/internal/resources/transfer/resource.go:309.115,313.33 3 0
github.com/ebogdum/filemanager/internal/resources/transfer/resource.go:313.33,315.3 1 0
github.com/ebogdum/filemanager/internal/resources/transfer/resource.go:317.2,325.16 3 0
github.com/ebogdum/filemanager/internal/resources/transfer/resource.go:325.16,328.3 2 0
github.com/ebogdum/filemanager/internal/resources/transfer/resource.go:330.2,332.56 2 0
github.com/ebogdum/filemanager/internal/resources/transfer/resource.go:336.115,340.33 3 0
github.com/ebogdum/filemanager/internal/resources/transfer/resource.go:340.33,342.3 1 0
github.com/ebogdum/filemanager/internal/resources/transfer/resource.go:345.2,346.16 2 0
github.com/ebogdum/filemanager/internal/resources/transfer/resource.go:346.16,349.3 2 0
github.com/ebogdum/filemanager/internal/resources/transfer/resource.go:352.2,352.80 1 0
github.com/ebogdum/filemanager/internal/resources/transfer/resource.go:352.80,353.36 1 0
github.com/ebogdum/filemanager/internal/resources/transfer/resource.go:353.36,356.4 2 0
github.com/ebogdum/filemanager/internal/resources/transfer/resource.go:361.130,363.2 1 0
github.com/ebogdum/filemanager/internal/resources/transfer/resource.go:375.119,377.16 2 0
github.com/ebogdum/filemanager/internal/resources/transfer/resource.go:377.16,379.3 1 0
github.com/ebogdum/filemanager/internal/resources/transfer/resource.go:381.2,382.16 2 0
github.com/ebogdum/filemanager/internal/resources/transfer/resource.go:382.16,384.3 1 0
github.com/ebogdum/filemanager/internal/resources/transfer/resource.go:387.2,397.16 6 0
github.com/ebogdum/filemanager/internal/resources/transfer/resource.go:397.16,399.3 1 0
github.com/ebogdum/filemanager/internal/resources/transfer/resource.go:401.2,411.19 2 0
github.com/ebogdum/filemanager/internal/resources/transfer/resource.go:411.19,412.34 1 0
github.com/ebogdum/filemanager/internal/resources/transfer/resource.go:412.34,414.4 1 0
github.com/ebogdum/filemanager/internal/resources/transfer/resource.go:417.3,418.17 2 0
github.com/ebogdum/filemanager/internal/resources/transfer/resource.go:418.17,420.4 1 0
github.com/ebogdum/filemanager/internal/resources/transfer/resource.go:422.3,422.30 1 0
github.com/ebogdum/filemanager/internal/resources/transfer/resource.go:422.30,423.18 1 0
github.com/ebogdum/filemanager/internal/resources/transfer/resource.go:423.18,424.13 1 0
github.com/ebogdum/filemanager/internal/resources/transfer/resource.go:428.4,428.56 1 0
github.com/ebogdum/filemanager/internal/resources/transfer/resource.go:428.56,429.13 1 0
github.com/ebogdum/filemanager/internal/resources/transfer/resource.go:433.4,440.18 5 0
github.com/ebogdum/filemanager/internal/resources/transfer/resource.go:440.18,446.13 3 0
github.com/ebogdum/filemanager/internal/resources/transfer/resource.go:449.4,451.26 3 0
github.com/ebogdum/filemanager/internal/resources/transfer/resource.go:453.8,456.17 2 0
github.com/ebogdum/filemanager/internal/resources/transfer/resource.go:456.17,458.4 1 0
github.com/ebogdum/filemanager/internal/resources/transfer/resource.go:459.3,461.25 3 0
github.com/ebogdum/filemanager/internal/resources/transfer/resource.go:464.2,465.20 2 0
github.com/ebogdum/filemanager/internal/resources/transfer/resource.go:469.231,471.16 1 0
github.com/ebogdum/filemanager/internal/resources/transfer/resource.go:471.16,473.17 2 0
github.com/ebogdum/filemanager/internal/resources/transfer/resource.go:473.17,475.4 1 0
github.com/ebogdum/filemanager/internal/resources/transfer/resource.go:476.3,476.13 1 0
github.com/ebogdum/filemanager/internal/resources/transfer/resource.go:476.13,478.4 1 0
github.com/ebogdum/filemanager/internal/resources/transfer/resource.go:482.2,483.16 2 0
github.com/ebogdum/filemanager/internal/resources/transfer/resource.go:483.16,485.3 1 0
github.com/ebogdum/filemanager/internal/resources/transfer/resource.go:486.2,500.45 4 0
github.com/ebogdum/filemanager/internal/resources/transfer/resource.go:500.45,502.17 2 0
github.com/ebogdum/filemanager/internal/resources/transfer/resource.go:502.17,503.25 1 0
github.com/ebogdum/filemanager/internal/resources/transfer/resource.go:503.25,505.5 1 0
github.com/ebogdum/filemanager/internal/resources/transfer/resource.go:509.2,509.70 1 0
github.com/ebogdum/filemanager/internal/resources/transfer/resource.go:509.70,511.3 1 0
github.com/ebogdum/filemanager/internal/resources/transfer/resource.go:514.2,515.20 2 0
github.com/ebogdum/filemanager/internal/resources/transfer/resource.go:515.20,517.3 1 0
github.com/ebogdum/filemanager/internal/resources/transfer/resource.go:519.2,519.30 1 0
github.com/ebogdum/filemanager/internal/resources/transfer/resource.go:523.104,524.49 1 0
github.com/ebogdum/filemanager/internal/resources/transfer/resource.go:524.49,526.3 1 0
github.com/ebogdum/filemanager/internal/resources/transfer/resource.go:527.2,527.57 1 0
github.com/ebogdum/filemanager/internal/resources/transfer/resource.go:531.68,532.39 1 0
github.com/ebogdum/filemanager/internal/resources/transfer/resource.go:532.39,534.3 1 0
github.com/ebogdum/filemanager/internal/resources/transfer/resource.go:535.2,537.29 3 0
github.com/ebogdum/filemanager/internal/resources/transfer/resource.go:537.29,538.41 1 0
github.com/ebogdum/filemanager/internal/resources/transfer/resource.go:538.41,540.4 1 0
github.com/ebogdum/filemanager/internal/resources/transfer/resource.go:542.2,542.15 1 0
github.com/ebogdum/filemanager/internal/resources/transfer/resource.go:546.90,548.23 1 0
github.com/ebogdum/filemanager/internal/resources/transfer/resource.go:548.23,550.36 2 0
github.com/ebogdum/filemanager/internal/resources/transfer/resource.go:550.36,551.48 1 0
github.com/ebogdum/filemanager/internal/resources/transfer/resource.go:551.48,553.10 2 0
github.com/ebogdum/filemanager/internal/resources/transfer/resource.go:556.4,556.63 1 0
github.com/ebogdum/filemanager/internal/resources/transfer/resource.go:556.63,558.10 2 0
github.com/ebogdum/filemanager/internal/resources/transfer/resource.go:561.3,561.15 1 0
github.com/ebogdum/filemanager/internal/resources/transfer/resource.go:561.15,563.4 1 0
github.com/ebogdum/filemanager/internal/resources/transfer/resource.go:567.2,567.35 1 0
github.com/ebogdum/filemanager/internal/resources/transfer/resource.go:567.35,568.47 1 0
github.com/ebogdum/filemanager/internal/resources/transfer/resource.go:568.47,570.4 1 0
github.com/ebogdum/filemanager/internal/resources/transfer/resource.go:571.3,571.62 1 0
github.com/ebogdum/filemanager/internal/resources/transfer/resource.go:571.62,573.4 1 0
github.com/ebogdum/filemanager/internal/resources/transfer/resource.go:576.2,576.13 1 0
github.com/ebogdum/filemanager/internal/resources/transfer/resource.go:580.102,593.2 10 0
github.com/ebogdum/filemanager/internal/util/merge.go:14.48,15.20 1 0
github.com/ebogdum/filemanager/internal/util/merge.go:15.20,17.3 1 0
github.com/ebogdum/filemanager/internal/util/merge.go:18.2,18.17 1 0
github.com/ebogdum/filemanager/internal/util/merge.go:18.17,20.3 1 0
github.com/ebogdum/filemanager/internal/util/merge.go:22.2,25.27 3 0
github.com/ebogdum/filemanager/internal/util/merge.go:25.27,28.3 1 0
github.com/ebogdum/filemanager/internal/util/merge.go:30.2,33.28 2 0
github.com/ebogdum/filemanager/internal/util/merge.go:33.28,35.3 1 0
github.com/ebogdum/filemanager/internal/util/merge.go:38.2,38.31 1 0
github.com/ebogdum/filemanager/internal/util/merge.go:38.31,39.43 1 0
github.com/ebogdum/filemanager/internal/util/merge.go:39.43,42.18 2 0
github.com/ebogdum/filemanager/internal/util/merge.go:42.18,44.5 1 0
github.com/ebogdum/filemanager/internal/util/merge.go:45.4,45.22 1 0
github.com/ebogdum/filemanager/internal/util/merge.go:46.9,48.4 1 0
github.com/ebogdum/filemanager/internal/util/merge.go:51.2,51.20 1 0
github.com/ebogdum/filemanager/internal/util/merge.go:55.57,57.2 1 0
github.com/ebogdum/filemanager/internal/util/merge.go:59.69,63.30 2 0
github.com/ebogdum/filemanager/internal/util/merge.go:63.30,65.3 1 0
github.com/ebogdum/filemanager/internal/util/merge.go:66.2,66.16 1 0
github.com/ebogdum/filemanager/internal/util/merge.go:66.16,74.3 2 0
github.com/ebogdum/filemanager/internal/util/merge.go:75.2,75.16 1 0
github.com/ebogdum/filemanager/internal/util/merge.go:75.16,83.3 2 0
github.com/ebogdum/filemanager/internal/util/merge.go:86.2,88.24 3 0
github.com/ebogdum/filemanager/internal/util/merge.go:88.24,96.3 2 0
github.com/ebogdum/filemanager/internal/util/merge.go:99.2,99.30 1 0
github.com/ebogdum/filemanager/internal/util/merge.go:100.22,102.40 2 0
github.com/ebogdum/filemanager/internal/util/merge.go:103.13,105.42 2 0
github.com/ebogdum/filemanager/internal/util/merge.go:106.10,107.35 1 0
github.com/ebogdum/filemanager/internal/util/merge.go:107.35,114.4 1 0
github.com/ebogdum/filemanager/internal/util/merge.go:117.2,117.21 1 0
github.com/ebogdum/filemanager/internal/util/merge.go:120.78,124.29 2 0
github.com/ebogdum/filemanager/internal/util/merge.go:124.29,126.17 2 0
github.com/ebogdum/filemanager/internal/util/merge.go:126.17,128.4 1 0
github.com/ebogdum/filemanager/internal/util/merge.go:130.3,130.39 1 0
github.com/ebogdum/filemanager/internal/util/merge.go:130.39,132.18 2 0
github.com/ebogdum/filemanager/internal/util/merge.go:132.18,134.5 1 0
github.com/ebogdum/filemanager/internal/util/merge.go:135.4,135.44 1 0
github.com/ebogdum/filemanager/internal/util/merge.go:136.9,143.4 1 0
github.com/ebogdum/filemanager/internal/util/merge.go:147.2,147.29 1 0
github.com/ebogdum/filemanager/internal/util/merge.go:147.29,148.35 1 0
github.com/ebogdum/filemanager/internal/util/merge.go:148.35,150.18 2 0
github.com/ebogdum/filemanager/internal/util/merge.go:150.18,152.5 1 0
github.com/ebogdum/filemanager/internal/util/merge.go:153.4,158.6 1 0
github.com/ebogdum/filemanager/internal/util/merge.go:162.2,162.21 1 0
github.com/ebogdum/filemanager/internal/util/merge.go:165.71,170.23 3 0
github.com/ebogdum/filemanager/internal/util/merge.go:170.23,172.3 1 0
github.com/ebogdum/filemanager/internal/util/merge.go:174.2,174.30 1 0
github.com/ebogdum/filemanager/internal/util/merge.go:174.30,176.17 2 0
github.com/ebogdum/filemanager/internal/util/merge.go:176.17,178.4 1 0
github.com/ebogdum/filemanager/internal/util/merge.go:180.3,180.20 1 0
github.com/ebogdum/filemanager/internal/util/merge.go:180.20,187.4 1 0
github.com/ebogdum/filemanager/internal/util/merge.go:187.9,187.27 1 0
github.com/ebogdum/filemanager/internal/util/merge.go:187.27,194.4 1 0
github.com/ebogdum/filemanager/internal/util/merge.go:194.9,196.18 2 0
github.com/ebogdum/filemanager/internal/util/merge.go:196.18,198.5 1 0
github.com/ebogdum/filemanager/internal/util/merge.go:199.4,199.44 1 0
github.com/ebogdum/filemanager/internal/util/merge.go:203.2,203.21 1 0
